This is pdfTeX, Version 3.14159265-2.6-1.40.15 (TeX Live 2015/dev/Debian) (preloaded format=pdflatex 2015.12.15)  18 OCT 2016 11:44
entering extended mode
 restricted \write18 enabled.
 %&-line parsing enabled.
**doc_ttool_soclib
(./doc_ttool_soclib.tex
LaTeX2e <2014/05/01>
Babel <3.9l> and hyphenation patterns for 4 languages loaded.
(/usr/share/texlive/texmf-dist/tex/latex/beamer/beamer.cls (/usr/share/texlive/
texmf-dist/tex/latex/beamer/beamerbasercs.sty
Package: beamerbasercs 2013/12/25 (rcs-revision 31cc758a62ae)
)
Document Class: beamer 2013/12/02 3.33 A class for typesetting presentations (r
cs-revision 332bfd3ce558)
(/usr/share/texlive/texmf-dist/tex/latex/beamer/beamerbasemodes.sty
Package: beamerbasemodes 2013/09/03 (rcs-revision 768f2d98ca64)
\beamer@tempbox=\box26
\beamer@tempcount=\count79
\c@beamerpauses=\count80
(/usr/share/texlive/texmf-dist/tex/latex/beamer/beamerbasedecode.sty
Package: beamerbasedecode 2010/05/01 (rcs-revision efa082c6111d)
\beamer@slideinframe=\count81
\beamer@minimum=\count82
)
\beamer@commentbox=\box27
\beamer@modecount=\count83
) (/usr/share/texlive/texmf-dist/tex/generic/oberdiek/ifpdf.sty
Package: ifpdf 2011/01/30 v2.3 Provides the ifpdf switch (HO)
Package ifpdf Info: pdfTeX in PDF mode is detected.
)
\headheight=\dimen102
\headdp=\dimen103
\footheight=\dimen104
\sidebarheight=\dimen105
\beamer@tempdim=\dimen106
\beamer@finalheight=\dimen107
\beamer@animht=\dimen108
\beamer@animdp=\dimen109
\beamer@animwd=\dimen110
\beamer@leftmargin=\dimen111
\beamer@rightmargin=\dimen112
\beamer@leftsidebar=\dimen113
\beamer@rightsidebar=\dimen114
\beamer@boxsize=\dimen115
\beamer@vboxoffset=\dimen116
\beamer@descdefault=\dimen117
\beamer@descriptionwidth=\dimen118
\beamer@lastskip=\skip41
\beamer@areabox=\box28
\beamer@animcurrent=\box29
\beamer@animshowbox=\box30
\beamer@sectionbox=\box31
\beamer@logobox=\box32
\beamer@linebox=\box33
\beamer@sectioncount=\count84
\beamer@subsubsectionmax=\count85
\beamer@subsectionmax=\count86
\beamer@sectionmax=\count87
\beamer@totalheads=\count88
\beamer@headcounter=\count89
\beamer@partstartpage=\count90
\beamer@sectionstartpage=\count91
\beamer@subsectionstartpage=\count92
\beamer@animationtempa=\count93
\beamer@animationtempb=\count94
\beamer@xpos=\count95
\beamer@ypos=\count96
\beamer@showpartnumber=\count97
\beamer@currentsubsection=\count98
\beamer@coveringdepth=\count99
\beamer@sectionadjust=\count100
\beamer@tocsectionnumber=\count101
(/usr/share/texlive/texmf-dist/tex/latex/beamer/beamerbaseoptions.sty
Package: beamerbaseoptions 2013/03/10 (rcs-revision 47431932db0d)
(/usr/share/texlive/texmf-dist/tex/latex/graphics/keyval.sty
Package: keyval 2014/05/08 v1.15 key=value parser (DPC)
\KV@toks@=\toks14
))
\beamer@paperwidth=\skip42
\beamer@paperheight=\skip43
(/usr/share/texlive/texmf-dist/tex/latex/geometry/geometry.sty
Package: geometry 2010/09/12 v5.6 Page Geometry
(/usr/share/texlive/texmf-dist/tex/generic/oberdiek/ifvtex.sty
Package: ifvtex 2010/03/01 v1.5 Detect VTeX and its facilities (HO)
Package ifvtex Info: VTeX not detected.
) (/usr/share/texlive/texmf-dist/tex/generic/ifxetex/ifxetex.sty
Package: ifxetex 2010/09/12 v0.6 Provides ifxetex conditional
)
\Gm@cnth=\count102
\Gm@cntv=\count103
\c@Gm@tempcnt=\count104
\Gm@bindingoffset=\dimen119
\Gm@wd@mp=\dimen120
\Gm@odd@mp=\dimen121
\Gm@even@mp=\dimen122
\Gm@layoutwidth=\dimen123
\Gm@layoutheight=\dimen124
\Gm@layouthoffset=\dimen125
\Gm@layoutvoffset=\dimen126
\Gm@dimlist=\toks15
) (/usr/share/texlive/texmf-dist/tex/latex/base/size11.clo
File: size11.clo 2014/09/29 v1.4h Standard LaTeX file (size option)
) (/usr/share/texlive/texmf-dist/tex/latex/pgf/basiclayer/pgfcore.sty (/usr/sha
re/texlive/texmf-dist/tex/latex/graphics/graphicx.sty
Package: graphicx 2014/04/25 v1.0g Enhanced LaTeX Graphics (DPC,SPQR)
(/usr/share/texlive/texmf-dist/tex/latex/graphics/graphics.sty
Package: graphics 2009/02/05 v1.0o Standard LaTeX Graphics (DPC,SPQR)
(/usr/share/texlive/texmf-dist/tex/latex/graphics/trig.sty
Package: trig 1999/03/16 v1.09 sin cos tan (DPC)
) (/usr/share/texlive/texmf-dist/tex/latex/latexconfig/graphics.cfg
File: graphics.cfg 2010/04/23 v1.9 graphics configuration of TeX Live
)
Package graphics Info: Driver file: pdftex.def on input line 91.
(/usr/share/texlive/texmf-dist/tex/latex/pdftex-def/pdftex.def
File: pdftex.def 2011/05/27 v0.06d Graphics/color for pdfTeX
(/usr/share/texlive/texmf-dist/tex/generic/oberdiek/infwarerr.sty
Package: infwarerr 2010/04/08 v1.3 Providing info/warning/error messages (HO)
) (/usr/share/texlive/texmf-dist/tex/generic/oberdiek/ltxcmds.sty
Package: ltxcmds 2011/11/09 v1.22 LaTeX kernel commands for general use (HO)
)
\Gread@gobject=\count105
))
\Gin@req@height=\dimen127
\Gin@req@width=\dimen128
) (/usr/share/texlive/texmf-dist/tex/latex/pgf/systemlayer/pgfsys.sty (/usr/sha
re/texlive/texmf-dist/tex/latex/pgf/utilities/pgfrcs.sty (/usr/share/texlive/te
xmf-dist/tex/generic/pgf/utilities/pgfutil-common.tex
\pgfutil@everybye=\toks16
\pgfutil@tempdima=\dimen129
\pgfutil@tempdimb=\dimen130

(/usr/share/texlive/texmf-dist/tex/generic/pgf/utilities/pgfutil-common-lists.t
ex)) (/usr/share/texlive/texmf-dist/tex/generic/pgf/utilities/pgfutil-latex.def
\pgfutil@abb=\box34
(/usr/share/texlive/texmf-dist/tex/latex/ms/everyshi.sty
Package: everyshi 2001/05/15 v3.00 EveryShipout Package (MS)
)) (/usr/share/texlive/texmf-dist/tex/generic/pgf/utilities/pgfrcs.code.tex
Package: pgfrcs 2013/12/20 v3.0.0 (rcs-revision 1.28)
)) (/usr/share/texlive/texmf-dist/tex/generic/pgf/systemlayer/pgfsys.code.tex
Package: pgfsys 2013/11/30 v3.0.0 (rcs-revision 1.47)
(/usr/share/texlive/texmf-dist/tex/generic/pgf/utilities/pgfkeys.code.tex
\pgfkeys@pathtoks=\toks17
\pgfkeys@temptoks=\toks18

(/usr/share/texlive/texmf-dist/tex/generic/pgf/utilities/pgfkeysfiltered.code.t
ex
\pgfkeys@tmptoks=\toks19
))
\pgf@x=\dimen131
\pgf@y=\dimen132
\pgf@xa=\dimen133
\pgf@ya=\dimen134
\pgf@xb=\dimen135
\pgf@yb=\dimen136
\pgf@xc=\dimen137
\pgf@yc=\dimen138
\w@pgf@writea=\write3
\r@pgf@reada=\read1
\c@pgf@counta=\count106
\c@pgf@countb=\count107
\c@pgf@countc=\count108
\c@pgf@countd=\count109
\t@pgf@toka=\toks20
\t@pgf@tokb=\toks21
\t@pgf@tokc=\toks22
(/usr/share/texlive/texmf-dist/tex/generic/pgf/systemlayer/pgf.cfg
File: pgf.cfg 2008/05/14  (rcs-revision 1.7)
)
Driver file for pgf: pgfsys-pdftex.def
(/usr/share/texlive/texmf-dist/tex/generic/pgf/systemlayer/pgfsys-pdftex.def
File: pgfsys-pdftex.def 2013/07/18  (rcs-revision 1.33)

(/usr/share/texlive/texmf-dist/tex/generic/pgf/systemlayer/pgfsys-common-pdf.de
f
File: pgfsys-common-pdf.def 2013/10/10  (rcs-revision 1.13)
)))
(/usr/share/texlive/texmf-dist/tex/generic/pgf/systemlayer/pgfsyssoftpath.code.
tex
File: pgfsyssoftpath.code.tex 2013/09/09  (rcs-revision 1.9)
\pgfsyssoftpath@smallbuffer@items=\count110
\pgfsyssoftpath@bigbuffer@items=\count111
)
(/usr/share/texlive/texmf-dist/tex/generic/pgf/systemlayer/pgfsysprotocol.code.
tex
File: pgfsysprotocol.code.tex 2006/10/16  (rcs-revision 1.4)
)) (/usr/share/texlive/texmf-dist/tex/latex/xcolor/xcolor.sty
Package: xcolor 2007/01/21 v2.11 LaTeX color extensions (UK)
(/usr/share/texlive/texmf-dist/tex/latex/latexconfig/color.cfg
File: color.cfg 2007/01/18 v1.5 color configuration of teTeX/TeXLive
)
Package xcolor Info: Driver file: pdftex.def on input line 225.
Package xcolor Info: Model `cmy' substituted by `cmy0' on input line 1337.
Package xcolor Info: Model `hsb' substituted by `rgb' on input line 1341.
Package xcolor Info: Model `RGB' extended on input line 1353.
Package xcolor Info: Model `HTML' substituted by `rgb' on input line 1355.
Package xcolor Info: Model `Hsb' substituted by `hsb' on input line 1356.
Package xcolor Info: Model `tHsb' substituted by `hsb' on input line 1357.
Package xcolor Info: Model `HSB' substituted by `hsb' on input line 1358.
Package xcolor Info: Model `Gray' substituted by `gray' on input line 1359.
Package xcolor Info: Model `wave' substituted by `hsb' on input line 1360.
) (/usr/share/texlive/texmf-dist/tex/generic/pgf/basiclayer/pgfcore.code.tex
Package: pgfcore 2010/04/11 v3.0.0 (rcs-revision 1.7)
(/usr/share/texlive/texmf-dist/tex/generic/pgf/math/pgfmath.code.tex (/usr/shar
e/texlive/texmf-dist/tex/generic/pgf/math/pgfmathcalc.code.tex (/usr/share/texl
ive/texmf-dist/tex/generic/pgf/math/pgfmathutil.code.tex) (/usr/share/texlive/t
exmf-dist/tex/generic/pgf/math/pgfmathparser.code.tex
\pgfmath@dimen=\dimen139
\pgfmath@count=\count112
\pgfmath@box=\box35
\pgfmath@toks=\toks23
\pgfmath@stack@operand=\toks24
\pgfmath@stack@operation=\toks25
) (/usr/share/texlive/texmf-dist/tex/generic/pgf/math/pgfmathfunctions.code.tex

(/usr/share/texlive/texmf-dist/tex/generic/pgf/math/pgfmathfunctions.basic.code
.tex)
(/usr/share/texlive/texmf-dist/tex/generic/pgf/math/pgfmathfunctions.trigonomet
ric.code.tex)
(/usr/share/texlive/texmf-dist/tex/generic/pgf/math/pgfmathfunctions.random.cod
e.tex)
(/usr/share/texlive/texmf-dist/tex/generic/pgf/math/pgfmathfunctions.comparison
.code.tex)
(/usr/share/texlive/texmf-dist/tex/generic/pgf/math/pgfmathfunctions.base.code.
tex)
(/usr/share/texlive/texmf-dist/tex/generic/pgf/math/pgfmathfunctions.round.code
.tex)
(/usr/share/texlive/texmf-dist/tex/generic/pgf/math/pgfmathfunctions.misc.code.
tex)
(/usr/share/texlive/texmf-dist/tex/generic/pgf/math/pgfmathfunctions.integerari
thmetics.code.tex))) (/usr/share/texlive/texmf-dist/tex/generic/pgf/math/pgfmat
hfloat.code.tex
\c@pgfmathroundto@lastzeros=\count113
))
(/usr/share/texlive/texmf-dist/tex/generic/pgf/basiclayer/pgfcorepoints.code.te
x
File: pgfcorepoints.code.tex 2013/10/07  (rcs-revision 1.27)
\pgf@picminx=\dimen140
\pgf@picmaxx=\dimen141
\pgf@picminy=\dimen142
\pgf@picmaxy=\dimen143
\pgf@pathminx=\dimen144
\pgf@pathmaxx=\dimen145
\pgf@pathminy=\dimen146
\pgf@pathmaxy=\dimen147
\pgf@xx=\dimen148
\pgf@xy=\dimen149
\pgf@yx=\dimen150
\pgf@yy=\dimen151
\pgf@zx=\dimen152
\pgf@zy=\dimen153
)
(/usr/share/texlive/texmf-dist/tex/generic/pgf/basiclayer/pgfcorepathconstruct.
code.tex
File: pgfcorepathconstruct.code.tex 2013/10/07  (rcs-revision 1.29)
\pgf@path@lastx=\dimen154
\pgf@path@lasty=\dimen155
)
(/usr/share/texlive/texmf-dist/tex/generic/pgf/basiclayer/pgfcorepathusage.code
.tex
File: pgfcorepathusage.code.tex 2013/12/13  (rcs-revision 1.23)
\pgf@shorten@end@additional=\dimen156
\pgf@shorten@start@additional=\dimen157
)
(/usr/share/texlive/texmf-dist/tex/generic/pgf/basiclayer/pgfcorescopes.code.te
x
File: pgfcorescopes.code.tex 2013/10/09  (rcs-revision 1.44)
\pgfpic=\box36
\pgf@hbox=\box37
\pgf@layerbox@main=\box38
\pgf@picture@serial@count=\count114
)
(/usr/share/texlive/texmf-dist/tex/generic/pgf/basiclayer/pgfcoregraphicstate.c
ode.tex
File: pgfcoregraphicstate.code.tex 2013/09/19  (rcs-revision 1.11)
\pgflinewidth=\dimen158
)
(/usr/share/texlive/texmf-dist/tex/generic/pgf/basiclayer/pgfcoretransformation
s.code.tex
File: pgfcoretransformations.code.tex 2013/10/10  (rcs-revision 1.17)
\pgf@pt@x=\dimen159
\pgf@pt@y=\dimen160
\pgf@pt@temp=\dimen161
)
(/usr/share/texlive/texmf-dist/tex/generic/pgf/basiclayer/pgfcorequick.code.tex
File: pgfcorequick.code.tex 2008/10/09  (rcs-revision 1.3)
)
(/usr/share/texlive/texmf-dist/tex/generic/pgf/basiclayer/pgfcoreobjects.code.t
ex
File: pgfcoreobjects.code.tex 2006/10/11  (rcs-revision 1.2)
)
(/usr/share/texlive/texmf-dist/tex/generic/pgf/basiclayer/pgfcorepathprocessing
.code.tex
File: pgfcorepathprocessing.code.tex 2013/09/09  (rcs-revision 1.9)
)
(/usr/share/texlive/texmf-dist/tex/generic/pgf/basiclayer/pgfcorearrows.code.te
x
File: pgfcorearrows.code.tex 2013/11/07  (rcs-revision 1.40)
\pgfarrowsep=\dimen162
)
(/usr/share/texlive/texmf-dist/tex/generic/pgf/basiclayer/pgfcoreshade.code.tex
File: pgfcoreshade.code.tex 2013/07/15  (rcs-revision 1.15)
\pgf@max=\dimen163
\pgf@sys@shading@range@num=\count115
)
(/usr/share/texlive/texmf-dist/tex/generic/pgf/basiclayer/pgfcoreimage.code.tex
File: pgfcoreimage.code.tex 2013/07/15  (rcs-revision 1.18)

(/usr/share/texlive/texmf-dist/tex/generic/pgf/basiclayer/pgfcoreexternal.code.
tex
File: pgfcoreexternal.code.tex 2013/07/15  (rcs-revision 1.20)
\pgfexternal@startupbox=\box39
))
(/usr/share/texlive/texmf-dist/tex/generic/pgf/basiclayer/pgfcorelayers.code.te
x
File: pgfcorelayers.code.tex 2013/07/18  (rcs-revision 1.7)
)
(/usr/share/texlive/texmf-dist/tex/generic/pgf/basiclayer/pgfcoretransparency.c
ode.tex
File: pgfcoretransparency.code.tex 2013/09/30  (rcs-revision 1.5)
)
(/usr/share/texlive/texmf-dist/tex/generic/pgf/basiclayer/pgfcorepatterns.code.
tex
File: pgfcorepatterns.code.tex 2013/11/07  (rcs-revision 1.5)
))) (/usr/share/texlive/texmf-dist/tex/latex/pgf/utilities/xxcolor.sty
Package: xxcolor 2003/10/24 ver 0.1
\XC@nummixins=\count116
\XC@countmixins=\count117
) (/usr/share/texlive/texmf-dist/tex/generic/oberdiek/atbegshi.sty
Package: atbegshi 2011/10/05 v1.16 At begin shipout hook (HO)
) (/usr/share/texlive/texmf-dist/tex/latex/hyperref/hyperref.sty
Package: hyperref 2012/11/06 v6.83m Hypertext links for LaTeX
(/usr/share/texlive/texmf-dist/tex/generic/oberdiek/hobsub-hyperref.sty
Package: hobsub-hyperref 2012/05/28 v1.13 Bundle oberdiek, subset hyperref (HO)

(/usr/share/texlive/texmf-dist/tex/generic/oberdiek/hobsub-generic.sty
Package: hobsub-generic 2012/05/28 v1.13 Bundle oberdiek, subset generic (HO)
Package: hobsub 2012/05/28 v1.13 Construct package bundles (HO)
Package hobsub Info: Skipping package `infwarerr' (already loaded).
Package hobsub Info: Skipping package `ltxcmds' (already loaded).
Package: ifluatex 2010/03/01 v1.3 Provides the ifluatex switch (HO)
Package ifluatex Info: LuaTeX not detected.
Package hobsub Info: Skipping package `ifvtex' (already loaded).
Package: intcalc 2007/09/27 v1.1 Expandable calculations with integers (HO)
Package hobsub Info: Skipping package `ifpdf' (already loaded).
Package: etexcmds 2011/02/16 v1.5 Avoid name clashes with e-TeX commands (HO)
Package etexcmds Info: Could not find \expanded.
(etexcmds)             That can mean that you are not using pdfTeX 1.50 or
(etexcmds)             that some package has redefined \expanded.
(etexcmds)             In the latter case, load this package earlier.
Package: kvsetkeys 2012/04/25 v1.16 Key value parser (HO)
Package: kvdefinekeys 2011/04/07 v1.3 Define keys (HO)
Package: pdftexcmds 2011/11/29 v0.20 Utility functions of pdfTeX for LuaTeX (HO
)
Package pdftexcmds Info: LuaTeX not detected.
Package pdftexcmds Info: \pdf@primitive is available.
Package pdftexcmds Info: \pdf@ifprimitive is available.
Package pdftexcmds Info: \pdfdraftmode found.
Package: pdfescape 2011/11/25 v1.13 Implements pdfTeX's escape features (HO)
Package: bigintcalc 2012/04/08 v1.3 Expandable calculations on big integers (HO
)
Package: bitset 2011/01/30 v1.1 Handle bit-vector datatype (HO)
Package: uniquecounter 2011/01/30 v1.2 Provide unlimited unique counter (HO)
)
Package hobsub Info: Skipping package `hobsub' (already loaded).
Package: letltxmacro 2010/09/02 v1.4 Let assignment for LaTeX macros (HO)
Package: hopatch 2012/05/28 v1.2 Wrapper for package hooks (HO)
Package: xcolor-patch 2011/01/30 xcolor patch
Package: atveryend 2011/06/30 v1.8 Hooks at the very end of document (HO)
Package atveryend Info: \enddocument detected (standard20110627).
Package hobsub Info: Skipping package `atbegshi' (already loaded).
Package: refcount 2011/10/16 v3.4 Data extraction from label references (HO)
Package: hycolor 2011/01/30 v1.7 Color options for hyperref/bookmark (HO)
) (/usr/share/texlive/texmf-dist/tex/latex/oberdiek/auxhook.sty
Package: auxhook 2011/03/04 v1.3 Hooks for auxiliary files (HO)
) (/usr/share/texlive/texmf-dist/tex/latex/oberdiek/kvoptions.sty
Package: kvoptions 2011/06/30 v3.11 Key value format for package options (HO)
)
\@linkdim=\dimen164
\Hy@linkcounter=\count118
\Hy@pagecounter=\count119
(/usr/share/texlive/texmf-dist/tex/latex/hyperref/pd1enc.def
File: pd1enc.def 2012/11/06 v6.83m Hyperref: PDFDocEncoding definition (HO)
)
\Hy@SavedSpaceFactor=\count120
(/usr/share/texlive/texmf-dist/tex/latex/latexconfig/hyperref.cfg
File: hyperref.cfg 2002/06/06 v1.2 hyperref configuration of TeXLive
)
Package hyperref Info: Option `bookmarks' set `true' on input line 4319.
Package hyperref Info: Option `bookmarksopen' set `true' on input line 4319.
Package hyperref Info: Option `implicit' set `false' on input line 4319.
Package hyperref Info: Hyper figures OFF on input line 4443.
Package hyperref Info: Link nesting OFF on input line 4448.
Package hyperref Info: Hyper index ON on input line 4451.
Package hyperref Info: Plain pages OFF on input line 4458.
Package hyperref Info: Backreferencing OFF on input line 4463.
Package hyperref Info: Implicit mode OFF; no redefinition of LaTeX internals.
Package hyperref Info: Bookmarks ON on input line 4688.
\c@Hy@tempcnt=\count121
(/usr/share/texlive/texmf-dist/tex/latex/url/url.sty
\Urlmuskip=\muskip10
Package: url 2013/09/16  ver 3.4  Verb mode for urls, etc.
)
LaTeX Info: Redefining \url on input line 5041.
\XeTeXLinkMargin=\dimen165
\Fld@menulength=\count122
\Field@Width=\dimen166
\Fld@charsize=\dimen167
Package hyperref Info: Hyper figures OFF on input line 6295.
Package hyperref Info: Link nesting OFF on input line 6300.
Package hyperref Info: Hyper index ON on input line 6303.
Package hyperref Info: backreferencing OFF on input line 6310.
Package hyperref Info: Link coloring OFF on input line 6315.
Package hyperref Info: Link coloring with OCG OFF on input line 6320.
Package hyperref Info: PDF/A mode OFF on input line 6325.
LaTeX Info: Redefining \ref on input line 6365.
LaTeX Info: Redefining \pageref on input line 6369.
\Hy@abspage=\count123

Package hyperref Message: Stopped early.

)

Package hyperref Message: Driver (autodetected): hpdftex.

(/usr/share/texlive/texmf-dist/tex/latex/hyperref/hpdftex.def
File: hpdftex.def 2012/11/06 v6.83m Hyperref driver for pdfTeX
\Fld@listcount=\count124
\c@bookmark@seq@number=\count125
(/usr/share/texlive/texmf-dist/tex/latex/oberdiek/rerunfilecheck.sty
Package: rerunfilecheck 2011/04/15 v1.7 Rerun checks for auxiliary files (HO)
Package uniquecounter Info: New unique counter `rerunfilecheck' on input line 2
82.
)) (/usr/share/texlive/texmf-dist/tex/latex/beamer/beamerbaserequires.sty
Package: beamerbaserequires 2010/05/01  (rcs-revision efa082c6111d)
(/usr/share/texlive/texmf-dist/tex/latex/beamer/beamerbasecompatibility.sty
Package: beamerbasecompatibility 2012/05/01  (rcs-revision 67c48b3b652d)
) (/usr/share/texlive/texmf-dist/tex/latex/beamer/beamerbasefont.sty
Package: beamerbasefont 2013/10/18  (rcs-revision 72f39e01808a)
(/usr/share/texlive/texmf-dist/tex/latex/amsfonts/amssymb.sty
Package: amssymb 2013/01/14 v3.01 AMS font symbols
(/usr/share/texlive/texmf-dist/tex/latex/amsfonts/amsfonts.sty
Package: amsfonts 2013/01/14 v3.01 Basic AMSFonts support
\@emptytoks=\toks26
\symAMSa=\mathgroup4
\symAMSb=\mathgroup5
LaTeX Font Info:    Overwriting math alphabet `\mathfrak' in version `bold'
(Font)                  U/euf/m/n --> U/euf/b/n on input line 106.
))) (/usr/share/texlive/texmf-dist/tex/latex/beamer/beamerbasetranslator.sty
Package: beamerbasetranslator 2010/06/11  (rcs-revision 85fd1cc7fc42)
(/usr/share/texlive/texmf-dist/tex/latex/beamer/translator/translator.sty
Package: translator 2010/06/12 ver 1.10

(/usr/share/texlive/texmf-dist/tex/latex/beamer/translator/translator-language-
mappings.tex))) (/usr/share/texlive/texmf-dist/tex/latex/beamer/beamerbasemisc.
sty
Package: beamerbasemisc 2013/09/03  (rcs-revision a55719c41d85)
) (/usr/share/texlive/texmf-dist/tex/latex/beamer/beamerbasetwoscreens.sty
Package: beamerbasetwoscreens 2010/05/01  (rcs-revision efa082c6111d)
) (/usr/share/texlive/texmf-dist/tex/latex/beamer/beamerbaseoverlay.sty
Package: beamerbaseoverlay 2013/12/25  (rcs-revision f6bd5e3805da)
\beamer@argscount=\count126
\beamer@lastskipcover=\skip44
\beamer@trivlistdepth=\count127
) (/usr/share/texlive/texmf-dist/tex/latex/beamer/beamerbasetitle.sty
Package: beamerbasetitle 2010/09/21  (rcs-revision f0446ed0b6ae)
) (/usr/share/texlive/texmf-dist/tex/latex/beamer/beamerbasesection.sty
Package: beamerbasesection 2013/06/07  (rcs-revision 60b9fe0f342f)
\c@lecture=\count128
\c@part=\count129
\c@section=\count130
\c@subsection=\count131
\c@subsubsection=\count132
) (/usr/share/texlive/texmf-dist/tex/latex/beamer/beamerbaseframe.sty
Package: beamerbaseframe 2013/10/02  (rcs-revision cdc8e9a3aaac)
\beamer@framebox=\box40
\beamer@frametitlebox=\box41
\beamer@zoombox=\box42
\beamer@zoomcount=\count133
\beamer@zoomframecount=\count134
\beamer@frametextheight=\dimen168
\c@subsectionslide=\count135
\beamer@frametopskip=\skip45
\beamer@framebottomskip=\skip46
\beamer@frametopskipautobreak=\skip47
\beamer@framebottomskipautobreak=\skip48
\beamer@envbody=\toks27
\framewidth=\dimen169
\c@framenumber=\count136
) (/usr/share/texlive/texmf-dist/tex/latex/beamer/beamerbaseverbatim.sty
Package: beamerbaseverbatim 2012/08/30  (rcs-revision dfdb135076b3)
\beamer@verbatimfileout=\write4
) (/usr/share/texlive/texmf-dist/tex/latex/beamer/beamerbaseframesize.sty
Package: beamerbaseframesize 2011/09/12  (rcs-revision 70f9d8411e54)
\beamer@splitbox=\box43
\beamer@autobreakcount=\count137
\beamer@autobreaklastheight=\dimen170
\beamer@frametitletoks=\toks28
\beamer@framesubtitletoks=\toks29
) (/usr/share/texlive/texmf-dist/tex/latex/beamer/beamerbaseframecomponents.sty
Package: beamerbaseframecomponents 2013/10/18  (rcs-revision 5cf6c5555a45)
\beamer@footins=\box44
) (/usr/share/texlive/texmf-dist/tex/latex/beamer/beamerbasecolor.sty
Package: beamerbasecolor 2010/06/06  (rcs-revision d1a9b48be06d)
) (/usr/share/texlive/texmf-dist/tex/latex/beamer/beamerbasenotes.sty
Package: beamerbasenotes 2012/12/19  (rcs-revision 1686da3db3c9)
\beamer@frameboxcopy=\box45
) (/usr/share/texlive/texmf-dist/tex/latex/beamer/beamerbasetoc.sty
Package: beamerbasetoc 2013/05/23  (rcs-revision 0fdf5bc43be8)
) (/usr/share/texlive/texmf-dist/tex/latex/beamer/beamerbasetemplates.sty
Package: beamerbasetemplates 2010/05/01  (rcs-revision efa082c6111d)
\beamer@sbttoks=\toks30
(/usr/share/texlive/texmf-dist/tex/latex/beamer/beamerbaseauxtemplates.sty
Package: beamerbaseauxtemplates 2013/09/04  (rcs-revision 4ac715c499d0)
(/usr/share/texlive/texmf-dist/tex/latex/beamer/beamerbaseboxes.sty
Package: beamerbaseboxes 2012/05/13  (rcs-revision 56972908a390)
\bmb@box=\box46
\bmb@colorbox=\box47
\bmb@boxshadow=\box48
\bmb@boxshadowball=\box49
\bmb@boxshadowballlarge=\box50
\bmb@temp=\dimen171
\bmb@dima=\dimen172
\bmb@dimb=\dimen173
\bmb@prevheight=\dimen174
)
\beamer@blockheadheight=\dimen175
)) (/usr/share/texlive/texmf-dist/tex/latex/beamer/beamerbaselocalstructure.sty
Package: beamerbaselocalstructure 2013/09/04  (rcs-revision 4ac715c499d0)
(/usr/share/texlive/texmf-dist/tex/latex/tools/enumerate.sty
Package: enumerate 2014/10/28 v3.00 enumerate extensions (DPC)
\@enLab=\toks31
)
\c@figure=\count138
\c@table=\count139
\abovecaptionskip=\skip49
\belowcaptionskip=\skip50
) (/usr/share/texlive/texmf-dist/tex/latex/beamer/beamerbasenavigation.sty
Package: beamerbasenavigation 2013/10/05  (rcs-revision 62be157fe783)
\beamer@section@min@dim=\dimen176
) (/usr/share/texlive/texmf-dist/tex/latex/beamer/beamerbasetheorems.sty
Package: beamerbasetheorems 2010/06/06  (rcs-revision 7e7cc5e53e9d)
(/usr/share/texlive/texmf-dist/tex/latex/amsmath/amsmath.sty
Package: amsmath 2013/01/14 v2.14 AMS math features
\@mathmargin=\skip51
For additional information on amsmath, use the `?' option.
(/usr/share/texlive/texmf-dist/tex/latex/amsmath/amstext.sty
Package: amstext 2000/06/29 v2.01
(/usr/share/texlive/texmf-dist/tex/latex/amsmath/amsgen.sty
File: amsgen.sty 1999/11/30 v2.0
\@emptytoks=\toks32
\ex@=\dimen177
)) (/usr/share/texlive/texmf-dist/tex/latex/amsmath/amsbsy.sty
Package: amsbsy 1999/11/29 v1.2d
\pmbraise@=\dimen178
) (/usr/share/texlive/texmf-dist/tex/latex/amsmath/amsopn.sty
Package: amsopn 1999/12/14 v2.01 operator names
)
\inf@bad=\count140
LaTeX Info: Redefining \frac on input line 210.
\uproot@=\count141
\leftroot@=\count142
LaTeX Info: Redefining \overline on input line 306.
\classnum@=\count143
\DOTSCASE@=\count144
LaTeX Info: Redefining \ldots on input line 378.
LaTeX Info: Redefining \dots on input line 381.
LaTeX Info: Redefining \cdots on input line 466.
\Mathstrutbox@=\box51
\strutbox@=\box52
\big@size=\dimen179
LaTeX Font Info:    Redeclaring font encoding OML on input line 566.
LaTeX Font Info:    Redeclaring font encoding OMS on input line 567.
\macc@depth=\count145
\c@MaxMatrixCols=\count146
\dotsspace@=\muskip11
\c@parentequation=\count147
\dspbrk@lvl=\count148
\tag@help=\toks33
\row@=\count149
\column@=\count150
\maxfields@=\count151
\andhelp@=\toks34
\eqnshift@=\dimen180
\alignsep@=\dimen181
\tagshift@=\dimen182
\tagwidth@=\dimen183
\totwidth@=\dimen184
\lineht@=\dimen185
\@envbody=\toks35
\multlinegap=\skip52
\multlinetaggap=\skip53
\mathdisplay@stack=\toks36
LaTeX Info: Redefining \[ on input line 2665.
LaTeX Info: Redefining \] on input line 2666.
) (/usr/share/texlive/texmf-dist/tex/latex/amscls/amsthm.sty
Package: amsthm 2009/07/02 v2.20.1
\thm@style=\toks37
\thm@bodyfont=\toks38
\thm@headfont=\toks39
\thm@notefont=\toks40
\thm@headpunct=\toks41
\thm@preskip=\skip54
\thm@postskip=\skip55
\thm@headsep=\skip56
\dth@everypar=\toks42
)
\c@theorem=\count152
) (/usr/share/texlive/texmf-dist/tex/latex/beamer/beamerbasethemes.sty
Package: beamerbasethemes 2010/05/01  (rcs-revision efa082c6111d)
))
(/usr/share/texlive/texmf-dist/tex/latex/beamer/themes/theme/beamerthemedefault
.sty
Package: beamerthemedefault 2010/06/17  (rcs-revision d02a7cf4d8ae)

(/usr/share/texlive/texmf-dist/tex/latex/beamer/themes/font/beamerfontthemedefa
ult.sty
Package: beamerfontthemedefault 2012/12/19  (rcs-revision 1686da3db3c9)
)
(/usr/share/texlive/texmf-dist/tex/latex/beamer/themes/color/beamercolorthemede
fault.sty
Package: beamercolorthemedefault 2012/12/19  (rcs-revision 1686da3db3c9)
)
(/usr/share/texlive/texmf-dist/tex/latex/beamer/themes/inner/beamerinnerthemede
fault.sty
Package: beamerinnerthemedefault 2013/10/15  (rcs-revision 65cb471f9634)
\beamer@dima=\dimen186
\beamer@dimb=\dimen187
)
(/usr/share/texlive/texmf-dist/tex/latex/beamer/themes/outer/beamerouterthemede
fault.sty
Package: beamerouterthemedefault 2012/12/19  (rcs-revision 1686da3db3c9)
))) (./textpos.sty
Package: textpos 2012/11/13 v1.7i
Package: textpos 2012/11/13 1.7i, absolute positioning of text on the page
\TP@textbox=\box53
\TP@holdbox=\box54
\TPHorizModule=\dimen188
\TPVertModule=\dimen189
\TP@margin=\dimen190
\TP@absmargin=\dimen191
Grid set 16 x 16 = 22.7622pt x 17.07166pt
\TPboxrulesize=\dimen192
\TP@ox=\dimen193
\TP@oy=\dimen194
\TP@tbargs=\toks43
\TP@prevdepth=\dimen195
TextBlockOrigin set to 0pt x 0pt
) (/usr/share/texlive/texmf-dist/tex/latex/listings/listings.sty
\lst@mode=\count153
\lst@gtempboxa=\box55
\lst@token=\toks44
\lst@length=\count154
\lst@currlwidth=\dimen196
\lst@column=\count155
\lst@pos=\count156
\lst@lostspace=\dimen197
\lst@width=\dimen198
\lst@newlines=\count157
\lst@lineno=\count158
\lst@maxwidth=\dimen199
(/usr/share/texlive/texmf-dist/tex/latex/listings/lstmisc.sty
File: lstmisc.sty 2014/09/06 1.5e (Carsten Heinz)
\c@lstnumber=\count159
\lst@skipnumbers=\count160
\lst@framebox=\box56
) (/usr/share/texlive/texmf-dist/tex/latex/listings/listings.cfg
File: listings.cfg 2014/09/06 1.5e listings configuration
))
Package: listings 2014/09/06 1.5e (Carsten Heinz)
(/usr/share/texlive/texmf-dist/tex/latex/pgf/frontendlayer/tikz.sty (/usr/share
/texlive/texmf-dist/tex/latex/pgf/basiclayer/pgf.sty
Package: pgf 2013/12/18 v3.0.0 (rcs-revision 1.14)

(/usr/share/texlive/texmf-dist/tex/generic/pgf/modules/pgfmoduleshapes.code.tex
File: pgfmoduleshapes.code.tex 2013/10/31  (rcs-revision 1.34)
\pgfnodeparttextbox=\box57
) (/usr/share/texlive/texmf-dist/tex/generic/pgf/modules/pgfmoduleplot.code.tex
File: pgfmoduleplot.code.tex 2013/07/31  (rcs-revision 1.12)
)
(/usr/share/texlive/texmf-dist/tex/latex/pgf/compatibility/pgfcomp-version-0-65
.sty
Package: pgfcomp-version-0-65 2007/07/03 v3.0.0 (rcs-revision 1.7)
\pgf@nodesepstart=\dimen200
\pgf@nodesepend=\dimen201
)
(/usr/share/texlive/texmf-dist/tex/latex/pgf/compatibility/pgfcomp-version-1-18
.sty
Package: pgfcomp-version-1-18 2007/07/23 v3.0.0 (rcs-revision 1.1)
)) (/usr/share/texlive/texmf-dist/tex/latex/pgf/utilities/pgffor.sty (/usr/shar
e/texlive/texmf-dist/tex/latex/pgf/utilities/pgfkeys.sty (/usr/share/texlive/te
xmf-dist/tex/generic/pgf/utilities/pgfkeys.code.tex)) (/usr/share/texlive/texmf
-dist/tex/latex/pgf/math/pgfmath.sty (/usr/share/texlive/texmf-dist/tex/generic
/pgf/math/pgfmath.code.tex)) (/usr/share/texlive/texmf-dist/tex/generic/pgf/uti
lities/pgffor.code.tex
Package: pgffor 2013/12/13 v3.0.0 (rcs-revision 1.25)
(/usr/share/texlive/texmf-dist/tex/generic/pgf/math/pgfmath.code.tex)
\pgffor@iter=\dimen202
\pgffor@skip=\dimen203
\pgffor@stack=\toks45
\pgffor@toks=\toks46
))
(/usr/share/texlive/texmf-dist/tex/generic/pgf/frontendlayer/tikz/tikz.code.tex
Package: tikz 2013/12/13 v3.0.0 (rcs-revision 1.142)

(/usr/share/texlive/texmf-dist/tex/generic/pgf/libraries/pgflibraryplothandlers
.code.tex
File: pgflibraryplothandlers.code.tex 2013/08/31 v3.0.0 (rcs-revision 1.20)
\pgf@plot@mark@count=\count161
\pgfplotmarksize=\dimen204
)
\tikz@lastx=\dimen205
\tikz@lasty=\dimen206
\tikz@lastxsaved=\dimen207
\tikz@lastysaved=\dimen208
\tikzleveldistance=\dimen209
\tikzsiblingdistance=\dimen210
\tikz@figbox=\box58
\tikz@figbox@bg=\box59
\tikz@tempbox=\box60
\tikz@tempbox@bg=\box61
\tikztreelevel=\count162
\tikznumberofchildren=\count163
\tikznumberofcurrentchild=\count164
\tikz@fig@count=\count165

(/usr/share/texlive/texmf-dist/tex/generic/pgf/modules/pgfmodulematrix.code.tex
File: pgfmodulematrix.code.tex 2013/09/17  (rcs-revision 1.8)
\pgfmatrixcurrentrow=\count166
\pgfmatrixcurrentcolumn=\count167
\pgf@matrix@numberofcolumns=\count168
)
\tikz@expandcount=\count169

(/usr/share/texlive/texmf-dist/tex/generic/pgf/frontendlayer/tikz/libraries/tik
zlibrarytopaths.code.tex
File: tikzlibrarytopaths.code.tex 2008/06/17 v3.0.0 (rcs-revision 1.2)
)))
(/usr/share/texlive/texmf-dist/tex/generic/pgf/frontendlayer/tikz/libraries/tik
zlibrarydecorations.pathreplacing.code.tex
(/usr/share/texlive/texmf-dist/tex/generic/pgf/frontendlayer/tikz/libraries/tik
zlibrarydecorations.code.tex
(/usr/share/texlive/texmf-dist/tex/generic/pgf/modules/pgfmoduledecorations.cod
e.tex
\pgfdecoratedcompleteddistance=\dimen211
\pgfdecoratedremainingdistance=\dimen212
\pgfdecoratedinputsegmentcompleteddistance=\dimen213
\pgfdecoratedinputsegmentremainingdistance=\dimen214
\pgf@decorate@distancetomove=\dimen215
\pgf@decorate@repeatstate=\count170
\pgfdecorationsegmentamplitude=\dimen216
\pgfdecorationsegmentlength=\dimen217
)
\tikz@lib@dec@box=\box62
)
(/usr/share/texlive/texmf-dist/tex/generic/pgf/libraries/decorations/pgflibrary
decorations.pathreplacing.code.tex))
(/usr/share/texlive/texmf-dist/tex/generic/pgf/frontendlayer/tikz/libraries/tik
zlibrarycalc.code.tex
File: tikzlibrarycalc.code.tex 2013/07/15 v3.0.0 (rcs-revision 1.9)
)
(/usr/share/texlive/texmf-dist/tex/generic/pgf/frontendlayer/tikz/libraries/tik
zlibraryarrows.code.tex
File: tikzlibraryarrows.code.tex 2008/01/09 v3.0.0 (rcs-revision 1.1)

(/usr/share/texlive/texmf-dist/tex/generic/pgf/libraries/pgflibraryarrows.code.
tex
File: pgflibraryarrows.code.tex 2013/09/23 v3.0.0 (rcs-revision 1.16)
\arrowsize=\dimen218
))
(/usr/share/texlive/texmf-dist/tex/generic/pgf/frontendlayer/tikz/libraries/tik
zlibraryshapes.code.tex
File: tikzlibraryshapes.code.tex 2008/01/09 v3.0.0 (rcs-revision 1.1)

(/usr/share/texlive/texmf-dist/tex/generic/pgf/frontendlayer/tikz/libraries/tik
zlibraryshapes.geometric.code.tex
File: tikzlibraryshapes.geometric.code.tex 2008/01/09 v3.0.0 (rcs-revision 1.1)


(/usr/share/texlive/texmf-dist/tex/generic/pgf/libraries/shapes/pgflibraryshape
s.geometric.code.tex
File: pgflibraryshapes.geometric.code.tex 2008/06/26 v3.0.0 (rcs-revision 1.1)
))
(/usr/share/texlive/texmf-dist/tex/generic/pgf/frontendlayer/tikz/libraries/tik
zlibraryshapes.misc.code.tex
File: tikzlibraryshapes.misc.code.tex 2008/01/09 v3.0.0 (rcs-revision 1.1)

(/usr/share/texlive/texmf-dist/tex/generic/pgf/libraries/shapes/pgflibraryshape
s.misc.code.tex
File: pgflibraryshapes.misc.code.tex 2013/07/18 v3.0.0 (rcs-revision 1.5)
))
(/usr/share/texlive/texmf-dist/tex/generic/pgf/frontendlayer/tikz/libraries/tik
zlibraryshapes.symbols.code.tex
File: tikzlibraryshapes.symbols.code.tex 2008/01/09 v3.0.0 (rcs-revision 1.1)

(/usr/share/texlive/texmf-dist/tex/generic/pgf/libraries/shapes/pgflibraryshape
s.symbols.code.tex
File: pgflibraryshapes.symbols.code.tex 2013/09/11 v3.0.0 (rcs-revision 1.6)
))
(/usr/share/texlive/texmf-dist/tex/generic/pgf/frontendlayer/tikz/libraries/tik
zlibraryshapes.arrows.code.tex
File: tikzlibraryshapes.arrows.code.tex 2008/01/09 v3.0.0 (rcs-revision 1.1)

(/usr/share/texlive/texmf-dist/tex/generic/pgf/libraries/shapes/pgflibraryshape
s.arrows.code.tex
File: pgflibraryshapes.arrows.code.tex 2008/06/26 v3.0.0 (rcs-revision 1.1)
))
(/usr/share/texlive/texmf-dist/tex/generic/pgf/frontendlayer/tikz/libraries/tik
zlibraryshapes.callouts.code.tex
(/usr/share/texlive/texmf-dist/tex/generic/pgf/libraries/shapes/pgflibraryshape
s.callouts.code.tex))
(/usr/share/texlive/texmf-dist/tex/generic/pgf/frontendlayer/tikz/libraries/tik
zlibraryshapes.multipart.code.tex
File: tikzlibraryshapes.multipart.code.tex 2008/01/09 v3.0.0 (rcs-revision 1.1)


(/usr/share/texlive/texmf-dist/tex/generic/pgf/libraries/shapes/pgflibraryshape
s.multipart.code.tex
File: pgflibraryshapes.multipart.code.tex 2010/01/07 v3.0.0 (rcs-revision 1.2)
\pgfnodepartlowerbox=\box63
\pgfnodeparttwobox=\box64
\pgfnodepartthreebox=\box65
\pgfnodepartfourbox=\box66
\pgfnodeparttwentybox=\box67
\pgfnodepartnineteenbox=\box68
\pgfnodeparteighteenbox=\box69
\pgfnodepartseventeenbox=\box70
\pgfnodepartsixteenbox=\box71
\pgfnodepartfifteenbox=\box72
\pgfnodepartfourteenbox=\box73
\pgfnodepartthirteenbox=\box74
\pgfnodeparttwelvebox=\box75
\pgfnodepartelevenbox=\box76
\pgfnodeparttenbox=\box77
\pgfnodepartninebox=\box78
\pgfnodeparteightbox=\box79
\pgfnodepartsevenbox=\box80
\pgfnodepartsixbox=\box81
\pgfnodepartfivebox=\box82
)))
(/usr/share/texlive/texmf-dist/tex/generic/pgf/frontendlayer/tikz/libraries/tik
zlibraryautomata.code.tex
File: tikzlibraryautomata.code.tex 2008/07/14 v3.0.0 (rcs-revision 1.3)
)
(/usr/share/texlive/texmf-dist/tex/generic/pgf/frontendlayer/tikz/libraries/tik
zlibrarybackgrounds.code.tex
File: tikzlibrarybackgrounds.code.tex 2013/07/18 v3.0.0 (rcs-revision 1.3)
\pgf@layerbox@background=\box83
\pgf@layerboxsaved@background=\box84
)
(/usr/share/texlive/texmf-dist/tex/generic/pgf/frontendlayer/tikz/libraries/tik
zlibrarypetri.code.tex
File: tikzlibrarypetri.code.tex 2013/07/17 v3.0.0 (rcs-revision 1.3)
) (/usr/share/texlive/texmf-dist/tex/latex/carlisle/scalefnt.sty)
(/usr/share/texlive/texmf-dist/tex/latex/beamer/themes/theme/compatibility/beam
erthemesplit.sty
Package: beamerthemesplit 2010/06/17  (rcs-revision d02a7cf4d8ae)

(/usr/share/texlive/texmf-dist/tex/latex/beamer/themes/color/beamercolorthemewh
ale.sty
Package: beamercolorthemewhale 2010/06/17  (rcs-revision d02a7cf4d8ae)
)
(/usr/share/texlive/texmf-dist/tex/latex/beamer/themes/outer/beamerouterthemesp
lit.sty
Package: beamerouterthemesplit 2012/10/16  (rcs-revision 51a8c72084af)
)
(/usr/share/texlive/texmf-dist/tex/latex/beamer/themes/font/beamerfontthemestru
cturebold.sty
Package: beamerfontthemestructurebold 2010/06/17  (rcs-revision d02a7cf4d8ae)
))
(/usr/share/texlive/texmf-dist/tex/latex/beamer/themes/outer/beamerouterthemesm
oothbars.sty
Package: beamerouterthemesmoothbars 2010/06/17  (rcs-revision d02a7cf4d8ae)
) (/usr/share/texlive/texmf-dist/tex/latex/listings/lstlang1.sty
File: lstlang1.sty 2014/09/06 1.5e listings language file
) (/usr/share/texlive/texmf-dist/tex/latex/listings/lstmisc.sty
File: lstmisc.sty 2014/09/06 1.5e (Carsten Heinz)
)
\tlx=\dimen219
\tlx=\dimen220
\brx=\dimen221
\bry=\dimen222
(./doc_ttool_soclib.aux)
\openout1 = `doc_ttool_soclib.aux'.

LaTeX Font Info:    Checking defaults for OML/cmm/m/it on input line 224.
LaTeX Font Info:    ... okay on input line 224.
LaTeX Font Info:    Checking defaults for T1/cmr/m/n on input line 224.
LaTeX Font Info:    ... okay on input line 224.
LaTeX Font Info:    Checking defaults for OT1/cmr/m/n on input line 224.
LaTeX Font Info:    ... okay on input line 224.
LaTeX Font Info:    Checking defaults for OMS/cmsy/m/n on input line 224.
LaTeX Font Info:    ... okay on input line 224.
LaTeX Font Info:    Checking defaults for OMX/cmex/m/n on input line 224.
LaTeX Font Info:    ... okay on input line 224.
LaTeX Font Info:    Checking defaults for U/cmr/m/n on input line 224.
LaTeX Font Info:    ... okay on input line 224.
LaTeX Font Info:    Checking defaults for PD1/pdf/m/n on input line 224.
LaTeX Font Info:    ... okay on input line 224.
*geometry* driver: auto-detecting
*geometry* detected driver: pdftex
*geometry* verbose mode - [ preamble ] result:
* driver: pdftex
* paper: custom
* layout: <same size as paper>
* layoutoffset:(h,v)=(0.0pt,0.0pt)
* modes: includehead includefoot 
* h-part:(L,W,R)=(28.45274pt, 307.28987pt, 28.45274pt)
* v-part:(T,H,B)=(0.0pt, 273.14662pt, 0.0pt)
* \paperwidth=364.19536pt
* \paperheight=273.14662pt
* \textwidth=307.28987pt
* \textheight=244.6939pt
* \oddsidemargin=-43.81725pt
* \evensidemargin=-43.81725pt
* \topmargin=-72.26999pt
* \headheight=14.22636pt
* \headsep=0.0pt
* \topskip=11.0pt
* \footskip=14.22636pt
* \marginparwidth=4.0pt
* \marginparsep=10.0pt
* \columnsep=10.0pt
* \skip\footins=10.0pt plus 4.0pt minus 2.0pt
* \hoffset=0.0pt
* \voffset=0.0pt
* \mag=1000
* \@twocolumnfalse
* \@twosidefalse
* \@mparswitchfalse
* \@reversemarginfalse
* (1in=72.27pt=25.4mm, 1cm=28.453pt)

(/usr/share/texlive/texmf-dist/tex/context/base/supp-pdf.mkii
[Loading MPS to PDF converter (version 2006.09.02).]
\scratchcounter=\count171
\scratchdimen=\dimen223
\scratchbox=\box85
\nofMPsegments=\count172
\nofMParguments=\count173
\everyMPshowfont=\toks47
\MPscratchCnt=\count174
\MPscratchDim=\dimen224
\MPnumerator=\count175
\makeMPintoPDFobject=\count176
\everyMPtoPDFconversion=\toks48
) (/usr/share/texlive/texmf-dist/tex/latex/oberdiek/epstopdf-base.sty
Package: epstopdf-base 2010/02/09 v2.5 Base part for package epstopdf
(/usr/share/texlive/texmf-dist/tex/latex/oberdiek/grfext.sty
Package: grfext 2010/08/19 v1.1 Manage graphics extensions (HO)
)
Package grfext Info: Graphics extension search list:
(grfext)             [.png,.pdf,.jpg,.mps,.jpeg,.jbig2,.jb2,.PNG,.PDF,.JPG,.JPE
G,.JBIG2,.JB2,.eps]
(grfext)             \AppendGraphicsExtensions on input line 452.
(/usr/share/texlive/texmf-dist/tex/latex/latexconfig/epstopdf-sys.cfg
File: epstopdf-sys.cfg 2010/07/13 v1.3 Configuration of (r)epstopdf for TeX Liv
e
)) ABD: EveryShipout initializing macros
\AtBeginShipoutBox=\box86
Package hyperref Info: Link coloring OFF on input line 224.
(/usr/share/texlive/texmf-dist/tex/latex/hyperref/nameref.sty
Package: nameref 2012/10/27 v2.43 Cross-referencing by name of section
(/usr/share/texlive/texmf-dist/tex/generic/oberdiek/gettitlestring.sty
Package: gettitlestring 2010/12/03 v1.4 Cleanup title references (HO)
)
\c@section@level=\count177
)
LaTeX Info: Redefining \ref on input line 224.
LaTeX Info: Redefining \pageref on input line 224.
LaTeX Info: Redefining \nameref on input line 224.
(./doc_ttool_soclib.out) (./doc_ttool_soclib.out)
\@outlinefile=\write5
\openout5 = `doc_ttool_soclib.out'.

LaTeX Font Info:    Overwriting symbol font `operators' in version `normal'
(Font)                  OT1/cmr/m/n --> OT1/cmss/m/n on input line 224.
LaTeX Font Info:    Overwriting symbol font `operators' in version `bold'
(Font)                  OT1/cmr/bx/n --> OT1/cmss/bx/n on input line 224.
\symnumbers=\mathgroup6
\sympureletters=\mathgroup7
LaTeX Font Info:    Overwriting math alphabet `\mathrm' in version `normal'
(Font)                  OT1/cmss/m/n --> OT1/cmr/m/n on input line 224.
LaTeX Font Info:    Redeclaring math alphabet \mathbf on input line 224.
LaTeX Font Info:    Overwriting math alphabet `\mathbf' in version `normal'
(Font)                  OT1/cmr/bx/n --> OT1/cmss/bx/n on input line 224.
LaTeX Font Info:    Overwriting math alphabet `\mathbf' in version `bold'
(Font)                  OT1/cmr/bx/n --> OT1/cmss/bx/n on input line 224.
LaTeX Font Info:    Redeclaring math alphabet \mathsf on input line 224.
LaTeX Font Info:    Overwriting math alphabet `\mathsf' in version `normal'
(Font)                  OT1/cmss/m/n --> OT1/cmss/m/n on input line 224.
LaTeX Font Info:    Overwriting math alphabet `\mathsf' in version `bold'
(Font)                  OT1/cmss/bx/n --> OT1/cmss/m/n on input line 224.
LaTeX Font Info:    Redeclaring math alphabet \mathit on input line 224.
LaTeX Font Info:    Overwriting math alphabet `\mathit' in version `normal'
(Font)                  OT1/cmr/m/it --> OT1/cmss/m/it on input line 224.
LaTeX Font Info:    Overwriting math alphabet `\mathit' in version `bold'
(Font)                  OT1/cmr/bx/it --> OT1/cmss/m/it on input line 224.
LaTeX Font Info:    Redeclaring math alphabet \mathtt on input line 224.
LaTeX Font Info:    Overwriting math alphabet `\mathtt' in version `normal'
(Font)                  OT1/cmtt/m/n --> OT1/cmtt/m/n on input line 224.
LaTeX Font Info:    Overwriting math alphabet `\mathtt' in version `bold'
(Font)                  OT1/cmtt/m/n --> OT1/cmtt/m/n on input line 224.
LaTeX Font Info:    Overwriting symbol font `numbers' in version `bold'
(Font)                  OT1/cmss/m/n --> OT1/cmss/bx/n on input line 224.
LaTeX Font Info:    Overwriting symbol font `pureletters' in version `bold'
(Font)                  OT1/cmss/m/it --> OT1/cmss/bx/it on input line 224.
LaTeX Font Info:    Overwriting math alphabet `\mathrm' in version `bold'
(Font)                  OT1/cmss/bx/n --> OT1/cmr/bx/n on input line 224.
LaTeX Font Info:    Overwriting math alphabet `\mathbf' in version `bold'
(Font)                  OT1/cmss/bx/n --> OT1/cmss/bx/n on input line 224.
LaTeX Font Info:    Overwriting math alphabet `\mathsf' in version `bold'
(Font)                  OT1/cmss/m/n --> OT1/cmss/bx/n on input line 224.
LaTeX Font Info:    Overwriting math alphabet `\mathit' in version `bold'
(Font)                  OT1/cmss/m/it --> OT1/cmss/bx/it on input line 224.
LaTeX Font Info:    Overwriting math alphabet `\mathtt' in version `bold'
(Font)                  OT1/cmtt/m/n --> OT1/cmtt/bx/n on input line 224.

(/usr/share/texlive/texmf-dist/tex/latex/beamer/translator/dicts/translator-bas
ic-dictionary/translator-basic-dictionary-English.dict
Dictionary: translator-basic-dictionary, Language: English 
)
(/usr/share/texlive/texmf-dist/tex/latex/beamer/translator/dicts/translator-bib
liography-dictionary/translator-bibliography-dictionary-English.dict
Dictionary: translator-bibliography-dictionary, Language: English 
)
(/usr/share/texlive/texmf-dist/tex/latex/beamer/translator/dicts/translator-env
ironment-dictionary/translator-environment-dictionary-English.dict
Dictionary: translator-environment-dictionary, Language: English 
)
(/usr/share/texlive/texmf-dist/tex/latex/beamer/translator/dicts/translator-mon
ths-dictionary/translator-months-dictionary-English.dict
Dictionary: translator-months-dictionary, Language: English 
)
(/usr/share/texlive/texmf-dist/tex/latex/beamer/translator/dicts/translator-num
bers-dictionary/translator-numbers-dictionary-English.dict
Dictionary: translator-numbers-dictionary, Language: English 
)
(/usr/share/texlive/texmf-dist/tex/latex/beamer/translator/dicts/translator-the
orem-dictionary/translator-theorem-dictionary-English.dict
Dictionary: translator-theorem-dictionary, Language: English 
)
LaTeX Info: Redefining \includegraphics on input line 224.
\c@lstlisting=\count178
(./doc_ttool_soclib.nav) <./fig/tpt.png, id=159, 285.065pt x 285.065pt>
File: ./fig/tpt.png Graphic file (type png)
<use ./fig/tpt.png>
Package pdftex.def Info: ./fig/tpt.png used on input line 226.
(pdftex.def)             Requested size: 71.13188pt x 71.13123pt.
<fig/logo_lip6.png, id=160, 490.83376pt x 463.7325pt>
File: fig/logo_lip6.png Graphic file (type png)
<use fig/logo_lip6.png>
Package pdftex.def Info: fig/logo_lip6.png used on input line 226.
(pdftex.def)             Requested size: 71.13188pt x 67.20056pt.
LaTeX Font Info:    Try loading font information for U+msa on input line 226.
(/usr/share/texlive/texmf-dist/tex/latex/amsfonts/umsa.fd
File: umsa.fd 2013/01/14 v3.01 AMS symbols A
)
LaTeX Font Info:    Try loading font information for U+msb on input line 226.
(/usr/share/texlive/texmf-dist/tex/latex/amsfonts/umsb.fd
File: umsb.fd 2013/01/14 v3.01 AMS symbols B
) [1

{/var/lib/texmf/fonts/map/pdftex/updmap/pdftex.map} <./fig/tpt.png> <./fig/logo
_lip6.png>]
File: ./fig/tpt.png Graphic file (type png)
<use ./fig/tpt.png>
Package pdftex.def Info: ./fig/tpt.png used on input line 249.
(pdftex.def)             Requested size: 22.76228pt x 22.76216pt.
<./fig/logo_lip6.png, id=171, 490.83376pt x 463.7325pt>
File: ./fig/logo_lip6.png Graphic file (type png)
<use ./fig/logo_lip6.png>
Package pdftex.def Info: ./fig/logo_lip6.png used on input line 249.
(pdftex.def)             Requested size: 25.6073pt x 24.19276pt.

Overfull \hbox (8.53593pt too wide) in paragraph at lines 249--249
[][][]  
 []


LaTeX Font Warning: Font shape `OT1/cmss/bx/n' in size <4> not available
(Font)              size <5> substituted on input line 274.


LaTeX Font Warning: Font shape `OT1/cmss/m/n' in size <4> not available
(Font)              size <5> substituted on input line 274.

File: ./fig/tpt.png Graphic file (type png)
<use ./fig/tpt.png>
Package pdftex.def Info: ./fig/tpt.png used on input line 274.
(pdftex.def)             Requested size: 22.76228pt x 22.76216pt.
File: ./fig/logo_lip6.png Graphic file (type png)
<use ./fig/logo_lip6.png>
Package pdftex.def Info: ./fig/logo_lip6.png used on input line 274.
(pdftex.def)             Requested size: 25.6073pt x 24.19276pt.

Overfull \hbox (8.53593pt too wide) has occurred while \output is active
[][][] 
 []

[2

 <./fig/logo_lip6.png>]
File: ./fig/tpt.png Graphic file (type png)
<use ./fig/tpt.png>
Package pdftex.def Info: ./fig/tpt.png used on input line 277.
(pdftex.def)             Requested size: 22.76228pt x 22.76216pt.
File: ./fig/logo_lip6.png Graphic file (type png)
<use ./fig/logo_lip6.png>
Package pdftex.def Info: ./fig/logo_lip6.png used on input line 277.
(pdftex.def)             Requested size: 25.6073pt x 24.19276pt.

Overfull \hbox (8.53593pt too wide) in paragraph at lines 277--277
[][][]  
 []


Overfull \hbox (14.63664pt too wide) in paragraph at lines 287--287
[]\OT1/cmtt/m/n/10.95 export PATH=/opt/java/bin:$SYSTEMC/bin:/Prog/mutekh/bin:[
] 
 []


Overfull \hbox (8.88795pt too wide) in paragraph at lines 287--287
[]\OT1/cmtt/m/n/10.95 /opt/mutekh/bin:/home/ttool/Prog/soclib/utils/bin:$PATH[]
 
 []

File: ./fig/tpt.png Graphic file (type png)
<use ./fig/tpt.png>
Package pdftex.def Info: ./fig/tpt.png used on input line 289.
(pdftex.def)             Requested size: 22.76228pt x 22.76216pt.
File: ./fig/logo_lip6.png Graphic file (type png)
<use ./fig/logo_lip6.png>
Package pdftex.def Info: ./fig/logo_lip6.png used on input line 289.
(pdftex.def)             Requested size: 25.6073pt x 24.19276pt.

Overfull \hbox (8.53593pt too wide) has occurred while \output is active
[][][] 
 []

[3

]
File: ./fig/tpt.png Graphic file (type png)
<use ./fig/tpt.png>
Package pdftex.def Info: ./fig/tpt.png used on input line 293.
(pdftex.def)             Requested size: 22.76228pt x 22.76216pt.
File: ./fig/logo_lip6.png Graphic file (type png)
<use ./fig/logo_lip6.png>
Package pdftex.def Info: ./fig/logo_lip6.png used on input line 293.
(pdftex.def)             Requested size: 25.6073pt x 24.19276pt.

Overfull \hbox (8.53593pt too wide) in paragraph at lines 293--293
[][][]  
 []


LaTeX Warning: Citation `SYSTEMCASS' on page 4 undefined on input line 296.

File: ./fig/tpt.png Graphic file (type png)
<use ./fig/tpt.png>
Package pdftex.def Info: ./fig/tpt.png used on input line 310.
(pdftex.def)             Requested size: 22.76228pt x 22.76216pt.
File: ./fig/logo_lip6.png Graphic file (type png)
<use ./fig/logo_lip6.png>
Package pdftex.def Info: ./fig/logo_lip6.png used on input line 310.
(pdftex.def)             Requested size: 25.6073pt x 24.19276pt.

Overfull \hbox (8.53593pt too wide) has occurred while \output is active
[][][] 
 []

[4

]
File: ./fig/tpt.png Graphic file (type png)
<use ./fig/tpt.png>
Package pdftex.def Info: ./fig/tpt.png used on input line 314.
(pdftex.def)             Requested size: 22.76228pt x 22.76216pt.
File: ./fig/logo_lip6.png Graphic file (type png)
<use ./fig/logo_lip6.png>
Package pdftex.def Info: ./fig/logo_lip6.png used on input line 314.
(pdftex.def)             Requested size: 25.6073pt x 24.19276pt.

Overfull \hbox (8.53593pt too wide) in paragraph at lines 314--314
[][][]  
 []

File: ./fig/tpt.png Graphic file (type png)
<use ./fig/tpt.png>
Package pdftex.def Info: ./fig/tpt.png used on input line 330.
(pdftex.def)             Requested size: 22.76228pt x 22.76216pt.
File: ./fig/logo_lip6.png Graphic file (type png)
<use ./fig/logo_lip6.png>
Package pdftex.def Info: ./fig/logo_lip6.png used on input line 330.
(pdftex.def)             Requested size: 25.6073pt x 24.19276pt.

Overfull \hbox (8.53593pt too wide) has occurred while \output is active
[][][] 
 []

[5

]
File: ./fig/tpt.png Graphic file (type png)
<use ./fig/tpt.png>
Package pdftex.def Info: ./fig/tpt.png used on input line 334.
(pdftex.def)             Requested size: 22.76228pt x 22.76216pt.
File: ./fig/logo_lip6.png Graphic file (type png)
<use ./fig/logo_lip6.png>
Package pdftex.def Info: ./fig/logo_lip6.png used on input line 334.
(pdftex.def)             Requested size: 25.6073pt x 24.19276pt.

Overfull \hbox (8.53593pt too wide) in paragraph at lines 334--334
[][][]  
 []

File: ./fig/tpt.png Graphic file (type png)
<use ./fig/tpt.png>
Package pdftex.def Info: ./fig/tpt.png used on input line 354.
(pdftex.def)             Requested size: 22.76228pt x 22.76216pt.
File: ./fig/logo_lip6.png Graphic file (type png)
<use ./fig/logo_lip6.png>
Package pdftex.def Info: ./fig/logo_lip6.png used on input line 354.
(pdftex.def)             Requested size: 25.6073pt x 24.19276pt.

Overfull \hbox (8.53593pt too wide) has occurred while \output is active
[][][] 
 []

[6

]
File: ./fig/tpt.png Graphic file (type png)
<use ./fig/tpt.png>
Package pdftex.def Info: ./fig/tpt.png used on input line 358.
(pdftex.def)             Requested size: 22.76228pt x 22.76216pt.
File: ./fig/logo_lip6.png Graphic file (type png)
<use ./fig/logo_lip6.png>
Package pdftex.def Info: ./fig/logo_lip6.png used on input line 358.
(pdftex.def)             Requested size: 25.6073pt x 24.19276pt.

Overfull \hbox (8.53593pt too wide) in paragraph at lines 358--358
[][][]  
 []


LaTeX Warning: Citation `LA:ERTSS-12' on page 7 undefined on input line 361.

File: ./fig/tpt.png Graphic file (type png)
<use ./fig/tpt.png>
Package pdftex.def Info: ./fig/tpt.png used on input line 369.
(pdftex.def)             Requested size: 22.76228pt x 22.76216pt.
File: ./fig/logo_lip6.png Graphic file (type png)
<use ./fig/logo_lip6.png>
Package pdftex.def Info: ./fig/logo_lip6.png used on input line 369.
(pdftex.def)             Requested size: 25.6073pt x 24.19276pt.

Overfull \hbox (8.53593pt too wide) has occurred while \output is active
[][][] 
 []

[7

]
File: ./fig/tpt.png Graphic file (type png)
<use ./fig/tpt.png>
Package pdftex.def Info: ./fig/tpt.png used on input line 372.
(pdftex.def)             Requested size: 22.76228pt x 22.76216pt.
File: ./fig/logo_lip6.png Graphic file (type png)
<use ./fig/logo_lip6.png>
Package pdftex.def Info: ./fig/logo_lip6.png used on input line 372.
(pdftex.def)             Requested size: 25.6073pt x 24.19276pt.

Overfull \hbox (8.53593pt too wide) in paragraph at lines 372--372
[][][]  
 []

File: ./fig/tpt.png Graphic file (type png)
<use ./fig/tpt.png>
Package pdftex.def Info: ./fig/tpt.png used on input line 390.
(pdftex.def)             Requested size: 22.76228pt x 22.76216pt.
File: ./fig/logo_lip6.png Graphic file (type png)
<use ./fig/logo_lip6.png>
Package pdftex.def Info: ./fig/logo_lip6.png used on input line 390.
(pdftex.def)             Requested size: 25.6073pt x 24.19276pt.

Overfull \hbox (8.53593pt too wide) has occurred while \output is active
[][][] 
 []

[8

]
File: ./fig/tpt.png Graphic file (type png)
<use ./fig/tpt.png>
Package pdftex.def Info: ./fig/tpt.png used on input line 393.
(pdftex.def)             Requested size: 22.76228pt x 22.76216pt.
File: ./fig/logo_lip6.png Graphic file (type png)
<use ./fig/logo_lip6.png>
Package pdftex.def Info: ./fig/logo_lip6.png used on input line 393.
(pdftex.def)             Requested size: 25.6073pt x 24.19276pt.

Overfull \hbox (8.53593pt too wide) in paragraph at lines 393--393
[][][]  
 []


Overfull \hbox (14.63664pt too wide) in paragraph at lines 416--416
[]\OT1/cmtt/m/n/10.95 java -Xmx1024m -Djavax.net.ssl.trustStore=ServerKeyStore[
] 
 []


Overfull \hbox (20.38533pt too wide) in paragraph at lines 416--416
[]\OT1/cmtt/m/n/10.95 -Djavax.net.ssl.trustStorePassword=123456  -jar ttool.jar
[] 
 []


Overfull \hbox (8.88795pt too wide) in paragraph at lines 416--416
[]\OT1/cmtt/m/n/10.95 -config config.xml -experimental -debug -avatar -uppaal[]
 
 []


Overfull \vbox (9.06375pt too high) detected at line 418
 []

File: ./fig/tpt.png Graphic file (type png)
<use ./fig/tpt.png>
Package pdftex.def Info: ./fig/tpt.png used on input line 418.
(pdftex.def)             Requested size: 22.76228pt x 22.76216pt.
File: ./fig/logo_lip6.png Graphic file (type png)
<use ./fig/logo_lip6.png>
Package pdftex.def Info: ./fig/logo_lip6.png used on input line 418.
(pdftex.def)             Requested size: 25.6073pt x 24.19276pt.

Overfull \hbox (8.53593pt too wide) has occurred while \output is active
[][][] 
 []

[9

]
File: ./fig/tpt.png Graphic file (type png)
<use ./fig/tpt.png>
Package pdftex.def Info: ./fig/tpt.png used on input line 443.
(pdftex.def)             Requested size: 22.76228pt x 22.76216pt.
File: ./fig/logo_lip6.png Graphic file (type png)
<use ./fig/logo_lip6.png>
Package pdftex.def Info: ./fig/logo_lip6.png used on input line 443.
(pdftex.def)             Requested size: 25.6073pt x 24.19276pt.

Overfull \hbox (8.53593pt too wide) in paragraph at lines 443--443
[][][]  
 []


LaTeX Warning: Citation `GP-NOTERE-11' on page 10 undefined on input line 447.


LaTeX Warning: Citation `DGLA:ERTSS-16' on page 10 undefined on input line 449.


File: ./fig/tpt.png Graphic file (type png)
<use ./fig/tpt.png>
Package pdftex.def Info: ./fig/tpt.png used on input line 461.
(pdftex.def)             Requested size: 22.76228pt x 22.76216pt.
File: ./fig/logo_lip6.png Graphic file (type png)
<use ./fig/logo_lip6.png>
Package pdftex.def Info: ./fig/logo_lip6.png used on input line 461.
(pdftex.def)             Requested size: 25.6073pt x 24.19276pt.

Overfull \hbox (8.53593pt too wide) has occurred while \output is active
[][][] 
 []

[10

]
File: ./fig/tpt.png Graphic file (type png)
<use ./fig/tpt.png>
Package pdftex.def Info: ./fig/tpt.png used on input line 468.
(pdftex.def)             Requested size: 22.76228pt x 22.76216pt.
File: ./fig/logo_lip6.png Graphic file (type png)
<use ./fig/logo_lip6.png>
Package pdftex.def Info: ./fig/logo_lip6.png used on input line 468.
(pdftex.def)             Requested size: 25.6073pt x 24.19276pt.

Overfull \hbox (8.53593pt too wide) in paragraph at lines 468--468
[][][]  
 []

<./fig/toolchain.pdf, id=564, 404.51125pt x 433.62pt>
File: ./fig/toolchain.pdf Graphic file (type pdf)
<use ./fig/toolchain.pdf>
Package pdftex.def Info: ./fig/toolchain.pdf used on input line 485.
(pdftex.def)             Requested size: 170.71652pt x 183.00577pt.

Overfull \hbox (5.69044pt too wide) detected at line 488
[][][] $[]$[][][][][][][][] $[]$[][][][][][] 
 []

File: ./fig/tpt.png Graphic file (type png)
<use ./fig/tpt.png>
Package pdftex.def Info: ./fig/tpt.png used on input line 489.
(pdftex.def)             Requested size: 22.76228pt x 22.76216pt.
File: ./fig/logo_lip6.png Graphic file (type png)
<use ./fig/logo_lip6.png>
Package pdftex.def Info: ./fig/logo_lip6.png used on input line 489.
(pdftex.def)             Requested size: 25.6073pt x 24.19276pt.

Overfull \hbox (8.53593pt too wide) has occurred while \output is active
[][][] 
 []

[11

 <./fig/toolchain.pdf>]
File: ./fig/tpt.png Graphic file (type png)
<use ./fig/tpt.png>
Package pdftex.def Info: ./fig/tpt.png used on input line 493.
(pdftex.def)             Requested size: 22.76228pt x 22.76216pt.
File: ./fig/logo_lip6.png Graphic file (type png)
<use ./fig/logo_lip6.png>
Package pdftex.def Info: ./fig/logo_lip6.png used on input line 493.
(pdftex.def)             Requested size: 25.6073pt x 24.19276pt.

Overfull \hbox (8.53593pt too wide) in paragraph at lines 493--493
[][][]  
 []

File: ./fig/tpt.png Graphic file (type png)
<use ./fig/tpt.png>
Package pdftex.def Info: ./fig/tpt.png used on input line 501.
(pdftex.def)             Requested size: 22.76228pt x 22.76216pt.
File: ./fig/logo_lip6.png Graphic file (type png)
<use ./fig/logo_lip6.png>
Package pdftex.def Info: ./fig/logo_lip6.png used on input line 501.
(pdftex.def)             Requested size: 25.6073pt x 24.19276pt.

Overfull \hbox (8.53593pt too wide) has occurred while \output is active
[][][] 
 []

[12

]
File: ./fig/tpt.png Graphic file (type png)
<use ./fig/tpt.png>
Package pdftex.def Info: ./fig/tpt.png used on input line 505.
(pdftex.def)             Requested size: 22.76228pt x 22.76216pt.
File: ./fig/logo_lip6.png Graphic file (type png)
<use ./fig/logo_lip6.png>
Package pdftex.def Info: ./fig/logo_lip6.png used on input line 505.
(pdftex.def)             Requested size: 25.6073pt x 24.19276pt.

Overfull \hbox (8.53593pt too wide) in paragraph at lines 505--505
[][][]  
 []

<./fig/screen.png, id=660, 1420.30624pt x 942.52126pt>
File: ./fig/screen.png Graphic file (type png)
<use ./fig/screen.png>
Package pdftex.def Info: ./fig/screen.png used on input line 507.
(pdftex.def)             Requested size: 270.30118pt x 179.36853pt.
File: ./fig/tpt.png Graphic file (type png)
<use ./fig/tpt.png>
Package pdftex.def Info: ./fig/tpt.png used on input line 512.
(pdftex.def)             Requested size: 22.76228pt x 22.76216pt.
File: ./fig/logo_lip6.png Graphic file (type png)
<use ./fig/logo_lip6.png>
Package pdftex.def Info: ./fig/logo_lip6.png used on input line 512.
(pdftex.def)             Requested size: 25.6073pt x 24.19276pt.

Overfull \hbox (8.53593pt too wide) has occurred while \output is active
[][][] 
 []

[13

 <./fig/screen.png (PNG copy)>]
File: ./fig/tpt.png Graphic file (type png)
<use ./fig/tpt.png>
Package pdftex.def Info: ./fig/tpt.png used on input line 515.
(pdftex.def)             Requested size: 22.76228pt x 22.76216pt.
File: ./fig/logo_lip6.png Graphic file (type png)
<use ./fig/logo_lip6.png>
Package pdftex.def Info: ./fig/logo_lip6.png used on input line 515.
(pdftex.def)             Requested size: 25.6073pt x 24.19276pt.

Overfull \hbox (8.53593pt too wide) in paragraph at lines 515--515
[][][]  
 []

<./fig/toolbar_deploy.png, id=701, 523.20468pt x 55.70813pt>
File: ./fig/toolbar_deploy.png Graphic file (type png)
<use ./fig/toolbar_deploy.png>
Package pdftex.def Info: ./fig/toolbar_deploy.png used on input line 518.
(pdftex.def)             Requested size: 312.9803pt x 33.32481pt.

Overfull \hbox (5.69043pt too wide) in paragraph at lines 518--519
 [] 
 []

File: ./fig/tpt.png Graphic file (type png)
<use ./fig/tpt.png>
Package pdftex.def Info: ./fig/tpt.png used on input line 552.
(pdftex.def)             Requested size: 22.76228pt x 22.76216pt.
File: ./fig/logo_lip6.png Graphic file (type png)
<use ./fig/logo_lip6.png>
Package pdftex.def Info: ./fig/logo_lip6.png used on input line 552.
(pdftex.def)             Requested size: 25.6073pt x 24.19276pt.

Overfull \hbox (8.53593pt too wide) has occurred while \output is active
[][][] 
 []

[14

 <./fig/toolbar_deploy.png (PNG copy)>]
File: ./fig/tpt.png Graphic file (type png)
<use ./fig/tpt.png>
Package pdftex.def Info: ./fig/tpt.png used on input line 555.
(pdftex.def)             Requested size: 22.76228pt x 22.76216pt.
File: ./fig/logo_lip6.png Graphic file (type png)
<use ./fig/logo_lip6.png>
Package pdftex.def Info: ./fig/logo_lip6.png used on input line 555.
(pdftex.def)             Requested size: 25.6073pt x 24.19276pt.

Overfull \hbox (8.53593pt too wide) in paragraph at lines 555--555
[][][]  
 []

<./fig/menu_cache.png, id=742, 374.14781pt x 335.00156pt>
File: ./fig/menu_cache.png Graphic file (type png)
<use ./fig/menu_cache.png>
Package pdftex.def Info: ./fig/menu_cache.png used on input line 563.
(pdftex.def)             Requested size: 170.71652pt x 152.85532pt.
File: ./fig/tpt.png Graphic file (type png)
<use ./fig/tpt.png>
Package pdftex.def Info: ./fig/tpt.png used on input line 568.
(pdftex.def)             Requested size: 22.76228pt x 22.76216pt.
File: ./fig/logo_lip6.png Graphic file (type png)
<use ./fig/logo_lip6.png>
Package pdftex.def Info: ./fig/logo_lip6.png used on input line 568.
(pdftex.def)             Requested size: 25.6073pt x 24.19276pt.

Overfull \hbox (8.53593pt too wide) has occurred while \output is active
[][][] 
 []

[15

 <./fig/menu_cache.png (PNG copy)>]
File: ./fig/tpt.png Graphic file (type png)
<use ./fig/tpt.png>
Package pdftex.def Info: ./fig/tpt.png used on input line 572.
(pdftex.def)             Requested size: 22.76228pt x 22.76216pt.
File: ./fig/logo_lip6.png Graphic file (type png)
<use ./fig/logo_lip6.png>
Package pdftex.def Info: ./fig/logo_lip6.png used on input line 572.
(pdftex.def)             Requested size: 25.6073pt x 24.19276pt.

Overfull \hbox (8.53593pt too wide) in paragraph at lines 572--572
[][][]  
 []

<./fig/petit_exemple.png, id=783, 916.42375pt x 210.7875pt>
File: ./fig/petit_exemple.png Graphic file (type png)
<use ./fig/petit_exemple.png>
Package pdftex.def Info: ./fig/petit_exemple.png used on input line 577.
(pdftex.def)             Requested size: 142.26378pt x 32.71997pt.
<./fig/deployment_2RAM.png, id=784, 926.46124pt x 662.475pt>
File: ./fig/deployment_2RAM.png Graphic file (type png)
<use ./fig/deployment_2RAM.png>
Package pdftex.def Info: ./fig/deployment_2RAM.png used on input line 583.
(pdftex.def)             Requested size: 170.71652pt x 122.07074pt.
File: ./fig/tpt.png Graphic file (type png)
<use ./fig/tpt.png>
Package pdftex.def Info: ./fig/tpt.png used on input line 587.
(pdftex.def)             Requested size: 22.76228pt x 22.76216pt.
File: ./fig/logo_lip6.png Graphic file (type png)
<use ./fig/logo_lip6.png>
Package pdftex.def Info: ./fig/logo_lip6.png used on input line 587.
(pdftex.def)             Requested size: 25.6073pt x 24.19276pt.

Overfull \hbox (8.53593pt too wide) has occurred while \output is active
[][][] 
 []

[16

 <./fig/petit_exemple.png (PNG copy)> <./fig/deployment_2RAM.png (PNG copy)>]
File: ./fig/tpt.png Graphic file (type png)
<use ./fig/tpt.png>
Package pdftex.def Info: ./fig/tpt.png used on input line 591.
(pdftex.def)             Requested size: 22.76228pt x 22.76216pt.
File: ./fig/logo_lip6.png Graphic file (type png)
<use ./fig/logo_lip6.png>
Package pdftex.def Info: ./fig/logo_lip6.png used on input line 591.
(pdftex.def)             Requested size: 25.6073pt x 24.19276pt.

Overfull \hbox (8.53593pt too wide) in paragraph at lines 591--591
[][][]  
 []

File: ./fig/tpt.png Graphic file (type png)
<use ./fig/tpt.png>
Package pdftex.def Info: ./fig/tpt.png used on input line 603.
(pdftex.def)             Requested size: 22.76228pt x 22.76216pt.
File: ./fig/logo_lip6.png Graphic file (type png)
<use ./fig/logo_lip6.png>
Package pdftex.def Info: ./fig/logo_lip6.png used on input line 603.
(pdftex.def)             Requested size: 25.6073pt x 24.19276pt.

Overfull \hbox (8.53593pt too wide) has occurred while \output is active
[][][] 
 []

[17

]
File: ./fig/tpt.png Graphic file (type png)
<use ./fig/tpt.png>
Package pdftex.def Info: ./fig/tpt.png used on input line 607.
(pdftex.def)             Requested size: 22.76228pt x 22.76216pt.
File: ./fig/logo_lip6.png Graphic file (type png)
<use ./fig/logo_lip6.png>
Package pdftex.def Info: ./fig/logo_lip6.png used on input line 607.
(pdftex.def)             Requested size: 25.6073pt x 24.19276pt.

Overfull \hbox (8.53593pt too wide) in paragraph at lines 607--607
[][][]  
 []

File: ./fig/tpt.png Graphic file (type png)
<use ./fig/tpt.png>
Package pdftex.def Info: ./fig/tpt.png used on input line 622.
(pdftex.def)             Requested size: 22.76228pt x 22.76216pt.
File: ./fig/logo_lip6.png Graphic file (type png)
<use ./fig/logo_lip6.png>
Package pdftex.def Info: ./fig/logo_lip6.png used on input line 622.
(pdftex.def)             Requested size: 25.6073pt x 24.19276pt.

Overfull \hbox (8.53593pt too wide) has occurred while \output is active
[][][] 
 []

[18

]
File: ./fig/tpt.png Graphic file (type png)
<use ./fig/tpt.png>
Package pdftex.def Info: ./fig/tpt.png used on input line 625.
(pdftex.def)             Requested size: 22.76228pt x 22.76216pt.
File: ./fig/logo_lip6.png Graphic file (type png)
<use ./fig/logo_lip6.png>
Package pdftex.def Info: ./fig/logo_lip6.png used on input line 625.
(pdftex.def)             Requested size: 25.6073pt x 24.19276pt.

Overfull \hbox (8.53593pt too wide) in paragraph at lines 625--625
[][][]  
 []

File: ./fig/tpt.png Graphic file (type png)
<use ./fig/tpt.png>
Package pdftex.def Info: ./fig/tpt.png used on input line 639.
(pdftex.def)             Requested size: 22.76228pt x 22.76216pt.
File: ./fig/logo_lip6.png Graphic file (type png)
<use ./fig/logo_lip6.png>
Package pdftex.def Info: ./fig/logo_lip6.png used on input line 639.
(pdftex.def)             Requested size: 25.6073pt x 24.19276pt.

Overfull \hbox (8.53593pt too wide) has occurred while \output is active
[][][] 
 []

[19

]
File: ./fig/tpt.png Graphic file (type png)
<use ./fig/tpt.png>
Package pdftex.def Info: ./fig/tpt.png used on input line 643.
(pdftex.def)             Requested size: 22.76228pt x 22.76216pt.
File: ./fig/logo_lip6.png Graphic file (type png)
<use ./fig/logo_lip6.png>
Package pdftex.def Info: ./fig/logo_lip6.png used on input line 643.
(pdftex.def)             Requested size: 25.6073pt x 24.19276pt.

Overfull \hbox (8.53593pt too wide) in paragraph at lines 643--643
[][][]  
 []

File: ./fig/tpt.png Graphic file (type png)
<use ./fig/tpt.png>
Package pdftex.def Info: ./fig/tpt.png used on input line 663.
(pdftex.def)             Requested size: 22.76228pt x 22.76216pt.
File: ./fig/logo_lip6.png Graphic file (type png)
<use ./fig/logo_lip6.png>
Package pdftex.def Info: ./fig/logo_lip6.png used on input line 663.
(pdftex.def)             Requested size: 25.6073pt x 24.19276pt.

Overfull \hbox (8.53593pt too wide) has occurred while \output is active
[][][] 
 []

[20

]
File: ./fig/tpt.png Graphic file (type png)
<use ./fig/tpt.png>
Package pdftex.def Info: ./fig/tpt.png used on input line 667.
(pdftex.def)             Requested size: 22.76228pt x 22.76216pt.
File: ./fig/logo_lip6.png Graphic file (type png)
<use ./fig/logo_lip6.png>
Package pdftex.def Info: ./fig/logo_lip6.png used on input line 667.
(pdftex.def)             Requested size: 25.6073pt x 24.19276pt.

Overfull \hbox (8.53593pt too wide) in paragraph at lines 667--667
[][][]  
 []

File: ./fig/tpt.png Graphic file (type png)
<use ./fig/tpt.png>
Package pdftex.def Info: ./fig/tpt.png used on input line 682.
(pdftex.def)             Requested size: 22.76228pt x 22.76216pt.
File: ./fig/logo_lip6.png Graphic file (type png)
<use ./fig/logo_lip6.png>
Package pdftex.def Info: ./fig/logo_lip6.png used on input line 682.
(pdftex.def)             Requested size: 25.6073pt x 24.19276pt.

Overfull \hbox (8.53593pt too wide) has occurred while \output is active
[][][] 
 []

[21

]
File: ./fig/tpt.png Graphic file (type png)
<use ./fig/tpt.png>
Package pdftex.def Info: ./fig/tpt.png used on input line 687.
(pdftex.def)             Requested size: 22.76228pt x 22.76216pt.
File: ./fig/logo_lip6.png Graphic file (type png)
<use ./fig/logo_lip6.png>
Package pdftex.def Info: ./fig/logo_lip6.png used on input line 687.
(pdftex.def)             Requested size: 25.6073pt x 24.19276pt.

Overfull \hbox (8.53593pt too wide) in paragraph at lines 687--687
[][][]  
 []

LaTeX Font Info:    Try loading font information for OML+cmss on input line 695
.
LaTeX Font Info:    No file OMLcmss.fd. on input line 695.

LaTeX Font Warning: Font shape `OML/cmss/m/n' undefined
(Font)              using `OML/cmm/m/it' instead
(Font)              for symbol `textless' on input line 695.

File: ./fig/tpt.png Graphic file (type png)
<use ./fig/tpt.png>
Package pdftex.def Info: ./fig/tpt.png used on input line 711.
(pdftex.def)             Requested size: 22.76228pt x 22.76216pt.
File: ./fig/logo_lip6.png Graphic file (type png)
<use ./fig/logo_lip6.png>
Package pdftex.def Info: ./fig/logo_lip6.png used on input line 711.
(pdftex.def)             Requested size: 25.6073pt x 24.19276pt.

Overfull \hbox (8.53593pt too wide) has occurred while \output is active
[][][] 
 []

[22

]
File: ./fig/tpt.png Graphic file (type png)
<use ./fig/tpt.png>
Package pdftex.def Info: ./fig/tpt.png used on input line 716.
(pdftex.def)             Requested size: 22.76228pt x 22.76216pt.
File: ./fig/logo_lip6.png Graphic file (type png)
<use ./fig/logo_lip6.png>
Package pdftex.def Info: ./fig/logo_lip6.png used on input line 716.
(pdftex.def)             Requested size: 25.6073pt x 24.19276pt.

Overfull \hbox (8.53593pt too wide) in paragraph at lines 716--716
[][][]  
 []

LaTeX Font Info:    Try loading font information for OMS+cmss on input line 729
.
LaTeX Font Info:    No file OMScmss.fd. on input line 729.

LaTeX Font Warning: Font shape `OMS/cmss/m/n' undefined
(Font)              using `OMS/cmsy/m/n' instead
(Font)              for symbol `textbraceleft' on input line 729.


Overfull \vbox (3.69286pt too high) detected at line 748
 []

File: ./fig/tpt.png Graphic file (type png)
<use ./fig/tpt.png>
Package pdftex.def Info: ./fig/tpt.png used on input line 748.
(pdftex.def)             Requested size: 22.76228pt x 22.76216pt.
File: ./fig/logo_lip6.png Graphic file (type png)
<use ./fig/logo_lip6.png>
Package pdftex.def Info: ./fig/logo_lip6.png used on input line 748.
(pdftex.def)             Requested size: 25.6073pt x 24.19276pt.

Overfull \hbox (8.53593pt too wide) has occurred while \output is active
[][][] 
 []

[23

]
File: ./fig/tpt.png Graphic file (type png)
<use ./fig/tpt.png>
Package pdftex.def Info: ./fig/tpt.png used on input line 757.
(pdftex.def)             Requested size: 22.76228pt x 22.76216pt.
File: ./fig/logo_lip6.png Graphic file (type png)
<use ./fig/logo_lip6.png>
Package pdftex.def Info: ./fig/logo_lip6.png used on input line 757.
(pdftex.def)             Requested size: 25.6073pt x 24.19276pt.

Overfull \hbox (8.53593pt too wide) in paragraph at lines 757--757
[][][]  
 []

<./fig/menu_v_and_v.png, id=1104, 342.5297pt x 266.49562pt>
File: ./fig/menu_v_and_v.png Graphic file (type png)
<use ./fig/menu_v_and_v.png>
Package pdftex.def Info: ./fig/menu_v_and_v.png used on input line 761.
(pdftex.def)             Requested size: 170.71652pt x 132.82457pt.
File: ./fig/tpt.png Graphic file (type png)
<use ./fig/tpt.png>
Package pdftex.def Info: ./fig/tpt.png used on input line 764.
(pdftex.def)             Requested size: 22.76228pt x 22.76216pt.
File: ./fig/logo_lip6.png Graphic file (type png)
<use ./fig/logo_lip6.png>
Package pdftex.def Info: ./fig/logo_lip6.png used on input line 764.
(pdftex.def)             Requested size: 25.6073pt x 24.19276pt.

Overfull \hbox (8.53593pt too wide) has occurred while \output is active
[][][] 
 []

[24

 <./fig/menu_v_and_v.png (PNG copy)>]
File: ./fig/tpt.png Graphic file (type png)
<use ./fig/tpt.png>
Package pdftex.def Info: ./fig/tpt.png used on input line 769.
(pdftex.def)             Requested size: 22.76228pt x 22.76216pt.
File: ./fig/logo_lip6.png Graphic file (type png)
<use ./fig/logo_lip6.png>
Package pdftex.def Info: ./fig/logo_lip6.png used on input line 769.
(pdftex.def)             Requested size: 25.6073pt x 24.19276pt.

Overfull \hbox (8.53593pt too wide) in paragraph at lines 769--769
[][][]  
 []

<./fig/JDialog.png, id=1144, 501.875pt x 453.695pt>
File: ./fig/JDialog.png Graphic file (type png)
<use ./fig/JDialog.png>
Package pdftex.def Info: ./fig/JDialog.png used on input line 779.
(pdftex.def)             Requested size: 142.26378pt x 128.60521pt.
File: ./fig/tpt.png Graphic file (type png)
<use ./fig/tpt.png>
Package pdftex.def Info: ./fig/tpt.png used on input line 781.
(pdftex.def)             Requested size: 22.76228pt x 22.76216pt.
File: ./fig/logo_lip6.png Graphic file (type png)
<use ./fig/logo_lip6.png>
Package pdftex.def Info: ./fig/logo_lip6.png used on input line 781.
(pdftex.def)             Requested size: 25.6073pt x 24.19276pt.

Overfull \hbox (8.53593pt too wide) has occurred while \output is active
[][][] 
 []

[25

 <./fig/JDialog.png>]
File: ./fig/tpt.png Graphic file (type png)
<use ./fig/tpt.png>
Package pdftex.def Info: ./fig/tpt.png used on input line 786.
(pdftex.def)             Requested size: 22.76228pt x 22.76216pt.
File: ./fig/logo_lip6.png Graphic file (type png)
<use ./fig/logo_lip6.png>
Package pdftex.def Info: ./fig/logo_lip6.png used on input line 786.
(pdftex.def)             Requested size: 25.6073pt x 24.19276pt.

Overfull \hbox (8.53593pt too wide) in paragraph at lines 786--786
[][][]  
 []

<./fig/menu_compil.png, id=1187, 430.60875pt x 338.76563pt>
File: ./fig/menu_compil.png Graphic file (type png)
<use ./fig/menu_compil.png>
Package pdftex.def Info: ./fig/menu_compil.png used on input line 790.
(pdftex.def)             Requested size: 170.71652pt x 134.3046pt.
File: ./fig/tpt.png Graphic file (type png)
<use ./fig/tpt.png>
Package pdftex.def Info: ./fig/tpt.png used on input line 792.
(pdftex.def)             Requested size: 22.76228pt x 22.76216pt.
File: ./fig/logo_lip6.png Graphic file (type png)
<use ./fig/logo_lip6.png>
Package pdftex.def Info: ./fig/logo_lip6.png used on input line 792.
(pdftex.def)             Requested size: 25.6073pt x 24.19276pt.

Overfull \hbox (8.53593pt too wide) has occurred while \output is active
[][][] 
 []

[26

 <./fig/menu_compil.png (PNG copy)>]
File: ./fig/tpt.png Graphic file (type png)
<use ./fig/tpt.png>
Package pdftex.def Info: ./fig/tpt.png used on input line 796.
(pdftex.def)             Requested size: 22.76228pt x 22.76216pt.
File: ./fig/logo_lip6.png Graphic file (type png)
<use ./fig/logo_lip6.png>
Package pdftex.def Info: ./fig/logo_lip6.png used on input line 796.
(pdftex.def)             Requested size: 25.6073pt x 24.19276pt.

Overfull \hbox (8.53593pt too wide) in paragraph at lines 796--796
[][][]  
 []

File: ./fig/tpt.png Graphic file (type png)
<use ./fig/tpt.png>
Package pdftex.def Info: ./fig/tpt.png used on input line 809.
(pdftex.def)             Requested size: 22.76228pt x 22.76216pt.
File: ./fig/logo_lip6.png Graphic file (type png)
<use ./fig/logo_lip6.png>
Package pdftex.def Info: ./fig/logo_lip6.png used on input line 809.
(pdftex.def)             Requested size: 25.6073pt x 24.19276pt.

Overfull \hbox (8.53593pt too wide) has occurred while \output is active
[][][] 
 []

[27

]
File: ./fig/tpt.png Graphic file (type png)
<use ./fig/tpt.png>
Package pdftex.def Info: ./fig/tpt.png used on input line 815.
(pdftex.def)             Requested size: 22.76228pt x 22.76216pt.
File: ./fig/logo_lip6.png Graphic file (type png)
<use ./fig/logo_lip6.png>
Package pdftex.def Info: ./fig/logo_lip6.png used on input line 815.
(pdftex.def)             Requested size: 25.6073pt x 24.19276pt.

Overfull \hbox (8.53593pt too wide) in paragraph at lines 815--815
[][][]  
 []

<./fig/menu_exec.png, id=1267, 376.40625pt x 335.75438pt>
File: ./fig/menu_exec.png Graphic file (type png)
<use ./fig/menu_exec.png>
Package pdftex.def Info: ./fig/menu_exec.png used on input line 819.
(pdftex.def)             Requested size: 170.71652pt x 152.28177pt.
File: ./fig/tpt.png Graphic file (type png)
<use ./fig/tpt.png>
Package pdftex.def Info: ./fig/tpt.png used on input line 821.
(pdftex.def)             Requested size: 22.76228pt x 22.76216pt.
File: ./fig/logo_lip6.png Graphic file (type png)
<use ./fig/logo_lip6.png>
Package pdftex.def Info: ./fig/logo_lip6.png used on input line 821.
(pdftex.def)             Requested size: 25.6073pt x 24.19276pt.

Overfull \hbox (8.53593pt too wide) has occurred while \output is active
[][][] 
 []

[28

 <./fig/menu_exec.png (PNG copy)>]
File: ./fig/tpt.png Graphic file (type png)
<use ./fig/tpt.png>
Package pdftex.def Info: ./fig/tpt.png used on input line 824.
(pdftex.def)             Requested size: 22.76228pt x 22.76216pt.
File: ./fig/logo_lip6.png Graphic file (type png)
<use ./fig/logo_lip6.png>
Package pdftex.def Info: ./fig/logo_lip6.png used on input line 824.
(pdftex.def)             Requested size: 25.6073pt x 24.19276pt.

Overfull \hbox (8.53593pt too wide) in paragraph at lines 824--824
[][][]  
 []

File: ./fig/tpt.png Graphic file (type png)
<use ./fig/tpt.png>
Package pdftex.def Info: ./fig/tpt.png used on input line 837.
(pdftex.def)             Requested size: 22.76228pt x 22.76216pt.
File: ./fig/logo_lip6.png Graphic file (type png)
<use ./fig/logo_lip6.png>
Package pdftex.def Info: ./fig/logo_lip6.png used on input line 837.
(pdftex.def)             Requested size: 25.6073pt x 24.19276pt.

Overfull \hbox (8.53593pt too wide) has occurred while \output is active
[][][] 
 []

[29

]
File: ./fig/tpt.png Graphic file (type png)
<use ./fig/tpt.png>
Package pdftex.def Info: ./fig/tpt.png used on input line 841.
(pdftex.def)             Requested size: 22.76228pt x 22.76216pt.
File: ./fig/logo_lip6.png Graphic file (type png)
<use ./fig/logo_lip6.png>
Package pdftex.def Info: ./fig/logo_lip6.png used on input line 841.
(pdftex.def)             Requested size: 25.6073pt x 24.19276pt.

Overfull \hbox (8.53593pt too wide) in paragraph at lines 841--841
[][][]  
 []

<./fig/simu.png, id=1346, 378.66469pt x 270.25969pt>
File: ./fig/simu.png Graphic file (type png)
<use ./fig/simu.png>
Package pdftex.def Info: ./fig/simu.png used on input line 849.
(pdftex.def)             Requested size: 142.26378pt x 101.53682pt.
<./fig/soclib_simu.png, id=1347, 683.55376pt x 517.18219pt>
File: ./fig/soclib_simu.png Graphic file (type png)
<use ./fig/soclib_simu.png>
Package pdftex.def Info: ./fig/soclib_simu.png used on input line 854.
(pdftex.def)             Requested size: 170.71652pt x 129.16107pt.

Overfull \hbox (5.69044pt too wide) detected at line 857
[][][] $[]$[][][][][][][][] $[]$[][][][][][] 
 []

File: ./fig/tpt.png Graphic file (type png)
<use ./fig/tpt.png>
Package pdftex.def Info: ./fig/tpt.png used on input line 858.
(pdftex.def)             Requested size: 22.76228pt x 22.76216pt.
File: ./fig/logo_lip6.png Graphic file (type png)
<use ./fig/logo_lip6.png>
Package pdftex.def Info: ./fig/logo_lip6.png used on input line 858.
(pdftex.def)             Requested size: 25.6073pt x 24.19276pt.

Overfull \hbox (8.53593pt too wide) has occurred while \output is active
[][][] 
 []

[30

 <./fig/simu.png (PNG copy)> <./fig/soclib_simu.png (PNG copy)>]
File: ./fig/tpt.png Graphic file (type png)
<use ./fig/tpt.png>
Package pdftex.def Info: ./fig/tpt.png used on input line 863.
(pdftex.def)             Requested size: 22.76228pt x 22.76216pt.
File: ./fig/logo_lip6.png Graphic file (type png)
<use ./fig/logo_lip6.png>
Package pdftex.def Info: ./fig/logo_lip6.png used on input line 863.
(pdftex.def)             Requested size: 25.6073pt x 24.19276pt.

Overfull \hbox (8.53593pt too wide) in paragraph at lines 863--863
[][][]  
 []

File: ./fig/tpt.png Graphic file (type png)
<use ./fig/tpt.png>
Package pdftex.def Info: ./fig/tpt.png used on input line 873.
(pdftex.def)             Requested size: 22.76228pt x 22.76216pt.
File: ./fig/logo_lip6.png Graphic file (type png)
<use ./fig/logo_lip6.png>
Package pdftex.def Info: ./fig/logo_lip6.png used on input line 873.
(pdftex.def)             Requested size: 25.6073pt x 24.19276pt.

Overfull \hbox (8.53593pt too wide) has occurred while \output is active
[][][] 
 []

[31

]
File: ./fig/tpt.png Graphic file (type png)
<use ./fig/tpt.png>
Package pdftex.def Info: ./fig/tpt.png used on input line 877.
(pdftex.def)             Requested size: 22.76228pt x 22.76216pt.
File: ./fig/logo_lip6.png Graphic file (type png)
<use ./fig/logo_lip6.png>
Package pdftex.def Info: ./fig/logo_lip6.png used on input line 877.
(pdftex.def)             Requested size: 25.6073pt x 24.19276pt.

Overfull \hbox (8.53593pt too wide) in paragraph at lines 877--877
[][][]  
 []

File: ./fig/tpt.png Graphic file (type png)
<use ./fig/tpt.png>
Package pdftex.def Info: ./fig/tpt.png used on input line 888.
(pdftex.def)             Requested size: 22.76228pt x 22.76216pt.
File: ./fig/logo_lip6.png Graphic file (type png)
<use ./fig/logo_lip6.png>
Package pdftex.def Info: ./fig/logo_lip6.png used on input line 888.
(pdftex.def)             Requested size: 25.6073pt x 24.19276pt.

Overfull \hbox (8.53593pt too wide) has occurred while \output is active
[][][] 
 []

[32

] (./doc_ttool_soclib.bbl

LaTeX Warning: Empty `thebibliography' environment on input line 3.

)
\tf@nav=\write6
\openout6 = `doc_ttool_soclib.nav'.

\tf@toc=\write7
\openout7 = `doc_ttool_soclib.toc'.

\tf@snm=\write8
\openout8 = `doc_ttool_soclib.snm'.

Package atveryend Info: Empty hook `BeforeClearDocument' on input line 912.
Package atveryend Info: Empty hook `AfterLastShipout' on input line 912.
(./doc_ttool_soclib.aux)
Package atveryend Info: Executing hook `AtVeryEndDocument' on input line 912.
Package atveryend Info: Executing hook `AtEndAfterFileList' on input line 912.
Package rerunfilecheck Info: File `doc_ttool_soclib.out' has not changed.
(rerunfilecheck)             Checksum: 0EB9252906287293CB3921947087B0AE;1697.

LaTeX Font Warning: Size substitutions with differences
(Font)              up to 1.0pt have occurred.


LaTeX Font Warning: Some font shapes were not available, defaults substituted.


LaTeX Warning: There were undefined references.

Package atveryend Info: Empty hook `AtVeryVeryEnd' on input line 912.
 ) 
Here is how much of TeX's memory you used:
 24316 strings out of 494991
 503995 string characters out of 6180054
 625925 words of memory out of 5000000
 26884 multiletter control sequences out of 15000+600000
 14440 words of font info for 54 fonts, out of 8000000 for 9000
 14 hyphenation exceptions out of 8191
 48i,20n,67p,392b,1312s stack positions out of 5000i,500n,10000p,200000b,80000s
</usr/share/texlive/texmf-dist/fonts/type1/public/amsfonts/cm/cmmi6.pfb></usr
/share/texlive/texmf-dist/fonts/type1/public/amsfonts/cm/cmss10.pfb></usr/share
/texlive/texmf-dist/fonts/type1/public/amsfonts/cm/cmss12.pfb></usr/share/texli
ve/texmf-dist/fonts/type1/public/amsfonts/cm/cmss8.pfb></usr/share/texlive/texm
f-dist/fonts/type1/public/amsfonts/cm/cmssbx10.pfb></usr/share/texlive/texmf-di
st/fonts/type1/public/amsfonts/cm/cmsy6.pfb></usr/share/texlive/texmf-dist/font
s/type1/public/amsfonts/cm/cmtt10.pfb></usr/share/texlive/texmf-dist/fonts/type
1/public/amsfonts/cm/cmtt8.pfb></usr/share/texlive/texmf-dist/fonts/type1/publi
c/amsfonts/symbols/msam10.pfb></usr/share/texlive/texmf-dist/fonts/type1/public
/amsfonts/symbols/msam7.pfb>
Output written on doc_ttool_soclib.pdf (32 pages, 684919 bytes).
PDF statistics:
 1523 PDF objects out of 1728 (max. 8388607)
 1395 compressed objects within 14 object streams
 91 named destinations out of 1000 (max. 500000)
 344 words of extra memory for PDF output out of 10000 (max. 10000000)

